--------------------------------------------------------------------------------
Release 10.1 Trace  (nt)
Copyright (c) 1995-2008 Xilinx, Inc.  All rights reserved.

C:\Xilinx\10.1\ISE\bin\nt\unwrapped\trce.exe -ise
C:/Documents and Settings/student/Desktop/ALU/ALU.ise -intstyle ise -e 3 -s 4
-xml ALU ALU.ncd -o ALU.twr ALU.pcf

Design file:              ALU.ncd
Physical constraint file: ALU.pcf
Device,package,speed:     xc3s700a,fg484,-4 (PRODUCTION 1.39 2008-01-09)
Report level:             error report

Environment Variable      Effect 
--------------------      ------ 
NONE                      No environment variables were set
--------------------------------------------------------------------------------

INFO:Timing:2698 - No timing constraints found, doing default enumeration.
INFO:Timing:2752 - To get complete path coverage, use the unconstrained paths 
   option. All paths that are not constrained will be reported in the 
   unconstrained paths section(s) of the report.
INFO:Timing:3339 - The clock-to-out numbers in this timing report are based on 
   a 50 Ohm transmission line loading model.  For the details of this model, 
   and for more information on accounting for different loading conditions, 
   please see the device datasheet.



Data Sheet report:
-----------------
All values displayed in nanoseconds (ns)

Pad to Pad
---------------+---------------+---------+
Source Pad     |Destination Pad|  Delay  |
---------------+---------------+---------+
A<0>           |O<0>           |   10.089|
A<0>           |O<1>           |   11.972|
A<0>           |O<2>           |   13.217|
A<0>           |O<3>           |   13.916|
A<0>           |O<4>           |   14.364|
A<0>           |O<5>           |   15.946|
A<0>           |O<6>           |   16.033|
A<0>           |O<7>           |   20.091|
A<0>           |O<8>           |   19.974|
A<0>           |O<9>           |   20.554|
A<0>           |O<10>          |   21.053|
A<0>           |O<11>          |   23.601|
A<0>           |O<12>          |   23.429|
A<0>           |O<13>          |   24.277|
A<0>           |O<14>          |   25.484|
A<0>           |O<15>          |   27.071|
A<0>           |O<16>          |   27.016|
A<0>           |O<17>          |   29.229|
A<0>           |O<18>          |   30.176|
A<0>           |O<19>          |   31.490|
A<0>           |O<20>          |   32.322|
A<0>           |O<21>          |   33.784|
A<0>           |O<22>          |   34.358|
A<0>           |O<23>          |   36.056|
A<0>           |O<24>          |   35.272|
A<0>           |O<25>          |   37.478|
A<0>           |O<26>          |   37.973|
A<0>           |O<27>          |   40.778|
A<0>           |O<28>          |   42.336|
A<0>           |O<29>          |   41.092|
A<0>           |O<30>          |   43.658|
A<0>           |O<31>          |   42.786|
A<1>           |O<1>           |   10.899|
A<1>           |O<2>           |   12.544|
A<1>           |O<3>           |   13.243|
A<1>           |O<4>           |   13.691|
A<1>           |O<5>           |   15.273|
A<1>           |O<6>           |   15.360|
A<1>           |O<7>           |   19.418|
A<1>           |O<8>           |   19.301|
A<1>           |O<9>           |   19.881|
A<1>           |O<10>          |   20.380|
A<1>           |O<11>          |   22.928|
A<1>           |O<12>          |   22.756|
A<1>           |O<13>          |   23.604|
A<1>           |O<14>          |   24.811|
A<1>           |O<15>          |   26.398|
A<1>           |O<16>          |   26.343|
A<1>           |O<17>          |   28.556|
A<1>           |O<18>          |   29.503|
A<1>           |O<19>          |   30.817|
A<1>           |O<20>          |   31.649|
A<1>           |O<21>          |   33.111|
A<1>           |O<22>          |   33.685|
A<1>           |O<23>          |   35.383|
A<1>           |O<24>          |   34.599|
A<1>           |O<25>          |   36.805|
A<1>           |O<26>          |   37.300|
A<1>           |O<27>          |   40.105|
A<1>           |O<28>          |   41.663|
A<1>           |O<29>          |   40.419|
A<1>           |O<30>          |   42.985|
A<1>           |O<31>          |   42.113|
A<2>           |O<2>           |   10.682|
A<2>           |O<3>           |   12.028|
A<2>           |O<4>           |   12.476|
A<2>           |O<5>           |   14.058|
A<2>           |O<6>           |   14.145|
A<2>           |O<7>           |   18.203|
A<2>           |O<8>           |   18.086|
A<2>           |O<9>           |   18.666|
A<2>           |O<10>          |   19.165|
A<2>           |O<11>          |   21.713|
A<2>           |O<12>          |   21.541|
A<2>           |O<13>          |   22.389|
A<2>           |O<14>          |   23.596|
A<2>           |O<15>          |   25.183|
A<2>           |O<16>          |   25.128|
A<2>           |O<17>          |   27.341|
A<2>           |O<18>          |   28.288|
A<2>           |O<19>          |   29.602|
A<2>           |O<20>          |   30.434|
A<2>           |O<21>          |   31.896|
A<2>           |O<22>          |   32.470|
A<2>           |O<23>          |   34.168|
A<2>           |O<24>          |   33.384|
A<2>           |O<25>          |   35.590|
A<2>           |O<26>          |   36.085|
A<2>           |O<27>          |   38.890|
A<2>           |O<28>          |   40.448|
A<2>           |O<29>          |   39.204|
A<2>           |O<30>          |   41.770|
A<2>           |O<31>          |   40.898|
A<3>           |O<3>           |   11.079|
A<3>           |O<4>           |   11.492|
A<3>           |O<5>           |   13.074|
A<3>           |O<6>           |   13.161|
A<3>           |O<7>           |   17.219|
A<3>           |O<8>           |   17.102|
A<3>           |O<9>           |   17.682|
A<3>           |O<10>          |   18.181|
A<3>           |O<11>          |   20.729|
A<3>           |O<12>          |   20.557|
A<3>           |O<13>          |   21.405|
A<3>           |O<14>          |   22.612|
A<3>           |O<15>          |   24.199|
A<3>           |O<16>          |   24.144|
A<3>           |O<17>          |   26.357|
A<3>           |O<18>          |   27.304|
A<3>           |O<19>          |   28.618|
A<3>           |O<20>          |   29.450|
A<3>           |O<21>          |   30.912|
A<3>           |O<22>          |   31.486|
A<3>           |O<23>          |   33.184|
A<3>           |O<24>          |   32.400|
A<3>           |O<25>          |   34.606|
A<3>           |O<26>          |   35.101|
A<3>           |O<27>          |   37.906|
A<3>           |O<28>          |   39.464|
A<3>           |O<29>          |   38.220|
A<3>           |O<30>          |   40.786|
A<3>           |O<31>          |   39.914|
A<4>           |O<4>           |   10.438|
A<4>           |O<5>           |   12.259|
A<4>           |O<6>           |   12.346|
A<4>           |O<7>           |   16.404|
A<4>           |O<8>           |   16.287|
A<4>           |O<9>           |   16.867|
A<4>           |O<10>          |   17.366|
A<4>           |O<11>          |   19.914|
A<4>           |O<12>          |   19.742|
A<4>           |O<13>          |   20.590|
A<4>           |O<14>          |   21.797|
A<4>           |O<15>          |   23.384|
A<4>           |O<16>          |   23.329|
A<4>           |O<17>          |   25.542|
A<4>           |O<18>          |   26.489|
A<4>           |O<19>          |   27.803|
A<4>           |O<20>          |   28.635|
A<4>           |O<21>          |   30.097|
A<4>           |O<22>          |   30.671|
A<4>           |O<23>          |   32.369|
A<4>           |O<24>          |   31.585|
A<4>           |O<25>          |   33.791|
A<4>           |O<26>          |   34.286|
A<4>           |O<27>          |   37.091|
A<4>           |O<28>          |   38.649|
A<4>           |O<29>          |   37.405|
A<4>           |O<30>          |   39.971|
A<4>           |O<31>          |   39.099|
A<5>           |O<5>           |   11.780|
A<5>           |O<6>           |   11.611|
A<5>           |O<7>           |   15.669|
A<5>           |O<8>           |   15.552|
A<5>           |O<9>           |   16.132|
A<5>           |O<10>          |   16.631|
A<5>           |O<11>          |   19.179|
A<5>           |O<12>          |   19.007|
A<5>           |O<13>          |   19.855|
A<5>           |O<14>          |   21.062|
A<5>           |O<15>          |   22.649|
A<5>           |O<16>          |   22.594|
A<5>           |O<17>          |   24.807|
A<5>           |O<18>          |   25.754|
A<5>           |O<19>          |   27.068|
A<5>           |O<20>          |   27.900|
A<5>           |O<21>          |   29.362|
A<5>           |O<22>          |   29.936|
A<5>           |O<23>          |   31.634|
A<5>           |O<24>          |   30.850|
A<5>           |O<25>          |   33.056|
A<5>           |O<26>          |   33.551|
A<5>           |O<27>          |   36.356|
A<5>           |O<28>          |   37.914|
A<5>           |O<29>          |   36.670|
A<5>           |O<30>          |   39.236|
A<5>           |O<31>          |   38.364|
A<6>           |O<6>           |    9.781|
A<6>           |O<7>           |   14.089|
A<6>           |O<8>           |   13.972|
A<6>           |O<9>           |   14.552|
A<6>           |O<10>          |   15.051|
A<6>           |O<11>          |   17.599|
A<6>           |O<12>          |   17.427|
A<6>           |O<13>          |   18.275|
A<6>           |O<14>          |   19.482|
A<6>           |O<15>          |   21.069|
A<6>           |O<16>          |   21.014|
A<6>           |O<17>          |   23.227|
A<6>           |O<18>          |   24.174|
A<6>           |O<19>          |   25.488|
A<6>           |O<20>          |   26.320|
A<6>           |O<21>          |   27.782|
A<6>           |O<22>          |   28.356|
A<6>           |O<23>          |   30.054|
A<6>           |O<24>          |   29.270|
A<6>           |O<25>          |   31.476|
A<6>           |O<26>          |   31.971|
A<6>           |O<27>          |   34.776|
A<6>           |O<28>          |   36.334|
A<6>           |O<29>          |   35.090|
A<6>           |O<30>          |   37.656|
A<6>           |O<31>          |   36.784|
A<7>           |O<0>           |    8.251|
A<7>           |O<7>           |   10.901|
A<7>           |O<8>           |   11.596|
A<7>           |O<9>           |   12.176|
A<7>           |O<10>          |   12.675|
A<7>           |O<11>          |   15.223|
A<7>           |O<12>          |   15.051|
A<7>           |O<13>          |   15.899|
A<7>           |O<14>          |   17.106|
A<7>           |O<15>          |   18.693|
A<7>           |O<16>          |   18.638|
A<7>           |O<17>          |   20.851|
A<7>           |O<18>          |   21.798|
A<7>           |O<19>          |   23.112|
A<7>           |O<20>          |   23.944|
A<7>           |O<21>          |   25.406|
A<7>           |O<22>          |   25.980|
A<7>           |O<23>          |   27.678|
A<7>           |O<24>          |   26.894|
A<7>           |O<25>          |   29.100|
A<7>           |O<26>          |   29.595|
A<7>           |O<27>          |   32.400|
A<7>           |O<28>          |   33.958|
A<7>           |O<29>          |   32.714|
A<7>           |O<30>          |   35.280|
A<7>           |O<31>          |   34.408|
A<8>           |O<8>           |   10.970|
A<8>           |O<9>           |   12.275|
A<8>           |O<10>          |   12.774|
A<8>           |O<11>          |   15.322|
A<8>           |O<12>          |   15.150|
A<8>           |O<13>          |   15.998|
A<8>           |O<14>          |   17.205|
A<8>           |O<15>          |   18.792|
A<8>           |O<16>          |   18.737|
A<8>           |O<17>          |   20.950|
A<8>           |O<18>          |   21.897|
A<8>           |O<19>          |   23.211|
A<8>           |O<20>          |   24.043|
A<8>           |O<21>          |   25.505|
A<8>           |O<22>          |   26.079|
A<8>           |O<23>          |   27.777|
A<8>           |O<24>          |   26.993|
A<8>           |O<25>          |   29.199|
A<8>           |O<26>          |   29.694|
A<8>           |O<27>          |   32.499|
A<8>           |O<28>          |   34.057|
A<8>           |O<29>          |   32.813|
A<8>           |O<30>          |   35.379|
A<8>           |O<31>          |   34.507|
A<9>           |O<9>           |   10.932|
A<9>           |O<10>          |   11.853|
A<9>           |O<11>          |   14.401|
A<9>           |O<12>          |   14.229|
A<9>           |O<13>          |   15.077|
A<9>           |O<14>          |   16.284|
A<9>           |O<15>          |   17.871|
A<9>           |O<16>          |   17.816|
A<9>           |O<17>          |   20.029|
A<9>           |O<18>          |   20.976|
A<9>           |O<19>          |   22.290|
A<9>           |O<20>          |   23.122|
A<9>           |O<21>          |   24.584|
A<9>           |O<22>          |   25.158|
A<9>           |O<23>          |   26.856|
A<9>           |O<24>          |   26.072|
A<9>           |O<25>          |   28.278|
A<9>           |O<26>          |   28.773|
A<9>           |O<27>          |   31.578|
A<9>           |O<28>          |   33.136|
A<9>           |O<29>          |   31.892|
A<9>           |O<30>          |   34.458|
A<9>           |O<31>          |   33.586|
A<10>          |O<10>          |   10.725|
A<10>          |O<11>          |   14.199|
A<10>          |O<12>          |   14.027|
A<10>          |O<13>          |   14.875|
A<10>          |O<14>          |   16.082|
A<10>          |O<15>          |   17.669|
A<10>          |O<16>          |   17.614|
A<10>          |O<17>          |   19.827|
A<10>          |O<18>          |   20.774|
A<10>          |O<19>          |   22.088|
A<10>          |O<20>          |   22.920|
A<10>          |O<21>          |   24.382|
A<10>          |O<22>          |   24.956|
A<10>          |O<23>          |   26.654|
A<10>          |O<24>          |   25.870|
A<10>          |O<25>          |   28.076|
A<10>          |O<26>          |   28.571|
A<10>          |O<27>          |   31.376|
A<10>          |O<28>          |   32.934|
A<10>          |O<29>          |   31.690|
A<10>          |O<30>          |   34.256|
A<10>          |O<31>          |   33.384|
A<11>          |O<11>          |   11.326|
A<11>          |O<12>          |   11.389|
A<11>          |O<13>          |   12.237|
A<11>          |O<14>          |   13.444|
A<11>          |O<15>          |   15.031|
A<11>          |O<16>          |   14.976|
A<11>          |O<17>          |   17.189|
A<11>          |O<18>          |   18.136|
A<11>          |O<19>          |   19.450|
A<11>          |O<20>          |   20.282|
A<11>          |O<21>          |   21.744|
A<11>          |O<22>          |   22.318|
A<11>          |O<23>          |   24.016|
A<11>          |O<24>          |   23.232|
A<11>          |O<25>          |   25.438|
A<11>          |O<26>          |   25.933|
A<11>          |O<27>          |   28.738|
A<11>          |O<28>          |   30.296|
A<11>          |O<29>          |   29.052|
A<11>          |O<30>          |   31.618|
A<11>          |O<31>          |   30.746|
A<12>          |O<12>          |   11.386|
A<12>          |O<13>          |   12.174|
A<12>          |O<14>          |   13.381|
A<12>          |O<15>          |   14.968|
A<12>          |O<16>          |   14.913|
A<12>          |O<17>          |   17.126|
A<12>          |O<18>          |   18.073|
A<12>          |O<19>          |   19.387|
A<12>          |O<20>          |   20.219|
A<12>          |O<21>          |   21.681|
A<12>          |O<22>          |   22.255|
A<12>          |O<23>          |   23.953|
A<12>          |O<24>          |   23.169|
A<12>          |O<25>          |   25.375|
A<12>          |O<26>          |   25.870|
A<12>          |O<27>          |   28.675|
A<12>          |O<28>          |   30.233|
A<12>          |O<29>          |   28.989|
A<12>          |O<30>          |   31.555|
A<12>          |O<31>          |   30.683|
A<13>          |O<13>          |    9.690|
A<13>          |O<14>          |   11.022|
A<13>          |O<15>          |   12.609|
A<13>          |O<16>          |   12.554|
A<13>          |O<17>          |   14.767|
A<13>          |O<18>          |   15.714|
A<13>          |O<19>          |   17.028|
A<13>          |O<20>          |   17.860|
A<13>          |O<21>          |   19.322|
A<13>          |O<22>          |   19.896|
A<13>          |O<23>          |   21.594|
A<13>          |O<24>          |   20.810|
A<13>          |O<25>          |   23.016|
A<13>          |O<26>          |   23.511|
A<13>          |O<27>          |   26.316|
A<13>          |O<28>          |   27.874|
A<13>          |O<29>          |   26.630|
A<13>          |O<30>          |   29.196|
A<13>          |O<31>          |   28.324|
A<14>          |O<14>          |   11.101|
A<14>          |O<15>          |   12.795|
A<14>          |O<16>          |   12.740|
A<14>          |O<17>          |   14.953|
A<14>          |O<18>          |   15.900|
A<14>          |O<19>          |   17.214|
A<14>          |O<20>          |   18.046|
A<14>          |O<21>          |   19.508|
A<14>          |O<22>          |   20.082|
A<14>          |O<23>          |   21.780|
A<14>          |O<24>          |   20.996|
A<14>          |O<25>          |   23.202|
A<14>          |O<26>          |   23.697|
A<14>          |O<27>          |   26.502|
A<14>          |O<28>          |   28.060|
A<14>          |O<29>          |   26.816|
A<14>          |O<30>          |   29.382|
A<14>          |O<31>          |   28.510|
A<15>          |O<8>           |    7.820|
A<15>          |O<15>          |   10.330|
A<15>          |O<16>          |   12.827|
A<15>          |O<17>          |   15.040|
A<15>          |O<18>          |   15.987|
A<15>          |O<19>          |   17.301|
A<15>          |O<20>          |   18.133|
A<15>          |O<21>          |   19.595|
A<15>          |O<22>          |   20.169|
A<15>          |O<23>          |   21.867|
A<15>          |O<24>          |   21.083|
A<15>          |O<25>          |   23.289|
A<15>          |O<26>          |   23.784|
A<15>          |O<27>          |   26.589|
A<15>          |O<28>          |   28.147|
A<15>          |O<29>          |   26.903|
A<15>          |O<30>          |   29.469|
A<15>          |O<31>          |   28.597|
A<16>          |O<16>          |   10.119|
A<16>          |O<17>          |   12.642|
A<16>          |O<18>          |   13.589|
A<16>          |O<19>          |   14.903|
A<16>          |O<20>          |   15.735|
A<16>          |O<21>          |   17.197|
A<16>          |O<22>          |   17.771|
A<16>          |O<23>          |   19.469|
A<16>          |O<24>          |   18.685|
A<16>          |O<25>          |   20.891|
A<16>          |O<26>          |   21.386|
A<16>          |O<27>          |   24.191|
A<16>          |O<28>          |   25.749|
A<16>          |O<29>          |   24.505|
A<16>          |O<30>          |   27.071|
A<16>          |O<31>          |   26.199|
A<17>          |O<17>          |   11.472|
A<17>          |O<18>          |   13.345|
A<17>          |O<19>          |   14.659|
A<17>          |O<20>          |   15.491|
A<17>          |O<21>          |   16.953|
A<17>          |O<22>          |   17.527|
A<17>          |O<23>          |   19.225|
A<17>          |O<24>          |   18.441|
A<17>          |O<25>          |   20.647|
A<17>          |O<26>          |   21.142|
A<17>          |O<27>          |   23.947|
A<17>          |O<28>          |   25.505|
A<17>          |O<29>          |   24.261|
A<17>          |O<30>          |   26.827|
A<17>          |O<31>          |   25.955|
A<18>          |O<18>          |   10.568|
A<18>          |O<19>          |   11.247|
A<18>          |O<20>          |   12.079|
A<18>          |O<21>          |   13.541|
A<18>          |O<22>          |   14.115|
A<18>          |O<23>          |   15.813|
A<18>          |O<24>          |   15.029|
A<18>          |O<25>          |   17.235|
A<18>          |O<26>          |   17.730|
A<18>          |O<27>          |   20.535|
A<18>          |O<28>          |   22.093|
A<18>          |O<29>          |   20.849|
A<18>          |O<30>          |   23.415|
A<18>          |O<31>          |   22.543|
A<19>          |O<19>          |    9.769|
A<19>          |O<20>          |   11.901|
A<19>          |O<21>          |   13.363|
A<19>          |O<22>          |   13.937|
A<19>          |O<23>          |   15.635|
A<19>          |O<24>          |   14.851|
A<19>          |O<25>          |   17.057|
A<19>          |O<26>          |   17.552|
A<19>          |O<27>          |   20.357|
A<19>          |O<28>          |   21.915|
A<19>          |O<29>          |   20.671|
A<19>          |O<30>          |   23.237|
A<19>          |O<31>          |   22.365|
A<20>          |O<20>          |   10.803|
A<20>          |O<21>          |   13.347|
A<20>          |O<22>          |   13.921|
A<20>          |O<23>          |   15.619|
A<20>          |O<24>          |   14.835|
A<20>          |O<25>          |   17.041|
A<20>          |O<26>          |   17.536|
A<20>          |O<27>          |   20.341|
A<20>          |O<28>          |   21.899|
A<20>          |O<29>          |   20.655|
A<20>          |O<30>          |   23.221|
A<20>          |O<31>          |   22.349|
A<21>          |O<21>          |   10.834|
A<21>          |O<22>          |   12.893|
A<21>          |O<23>          |   14.591|
A<21>          |O<24>          |   13.807|
A<21>          |O<25>          |   16.013|
A<21>          |O<26>          |   16.508|
A<21>          |O<27>          |   19.313|
A<21>          |O<28>          |   20.871|
A<21>          |O<29>          |   19.627|
A<21>          |O<30>          |   22.193|
A<21>          |O<31>          |   21.321|
A<22>          |O<22>          |   10.335|
A<22>          |O<23>          |   12.032|
A<22>          |O<24>          |   11.248|
A<22>          |O<25>          |   13.454|
A<22>          |O<26>          |   13.949|
A<22>          |O<27>          |   16.754|
A<22>          |O<28>          |   18.312|
A<22>          |O<29>          |   17.068|
A<22>          |O<30>          |   19.634|
A<22>          |O<31>          |   18.762|
A<23>          |O<16>          |    8.020|
A<23>          |O<23>          |   11.163|
A<23>          |O<24>          |   11.647|
A<23>          |O<25>          |   13.853|
A<23>          |O<26>          |   14.348|
A<23>          |O<27>          |   17.153|
A<23>          |O<28>          |   18.711|
A<23>          |O<29>          |   17.467|
A<23>          |O<30>          |   20.033|
A<23>          |O<31>          |   19.161|
A<24>          |O<24>          |    9.673|
A<24>          |O<25>          |   11.302|
A<24>          |O<26>          |   11.797|
A<24>          |O<27>          |   14.602|
A<24>          |O<28>          |   16.160|
A<24>          |O<29>          |   14.916|
A<24>          |O<30>          |   17.482|
A<24>          |O<31>          |   16.610|
A<25>          |O<25>          |   11.349|
A<25>          |O<26>          |   11.302|
A<25>          |O<27>          |   14.107|
A<25>          |O<28>          |   15.665|
A<25>          |O<29>          |   14.421|
A<25>          |O<30>          |   16.987|
A<25>          |O<31>          |   16.115|
A<26>          |O<26>          |    9.492|
A<26>          |O<27>          |   12.945|
A<26>          |O<28>          |   14.503|
A<26>          |O<29>          |   13.259|
A<26>          |O<30>          |   15.825|
A<26>          |O<31>          |   14.953|
A<27>          |O<27>          |   11.397|
A<27>          |O<28>          |   13.080|
A<27>          |O<29>          |   11.836|
A<27>          |O<30>          |   14.402|
A<27>          |O<31>          |   13.530|
A<28>          |O<28>          |   12.870|
A<28>          |O<29>          |    9.649|
A<28>          |O<30>          |   12.215|
A<28>          |O<31>          |   11.343|
A<29>          |O<29>          |    9.179|
A<29>          |O<30>          |   11.844|
A<29>          |O<31>          |   10.972|
A<30>          |O<30>          |    9.780|
A<30>          |O<31>          |    9.389|
A<31>          |O<24>          |    6.961|
A<31>          |O<31>          |   10.714|
B<0>           |O<0>           |    9.281|
B<0>           |O<1>           |   11.260|
B<0>           |O<2>           |   12.505|
B<0>           |O<3>           |   13.204|
B<0>           |O<4>           |   13.652|
B<0>           |O<5>           |   15.234|
B<0>           |O<6>           |   15.321|
B<0>           |O<7>           |   19.379|
B<0>           |O<8>           |   19.262|
B<0>           |O<9>           |   19.842|
B<0>           |O<10>          |   20.341|
B<0>           |O<11>          |   22.889|
B<0>           |O<12>          |   22.717|
B<0>           |O<13>          |   23.565|
B<0>           |O<14>          |   24.772|
B<0>           |O<15>          |   26.359|
B<0>           |O<16>          |   26.304|
B<0>           |O<17>          |   28.517|
B<0>           |O<18>          |   29.464|
B<0>           |O<19>          |   30.778|
B<0>           |O<20>          |   31.610|
B<0>           |O<21>          |   33.072|
B<0>           |O<22>          |   33.646|
B<0>           |O<23>          |   35.344|
B<0>           |O<24>          |   34.560|
B<0>           |O<25>          |   36.766|
B<0>           |O<26>          |   37.261|
B<0>           |O<27>          |   40.066|
B<0>           |O<28>          |   41.624|
B<0>           |O<29>          |   40.380|
B<0>           |O<30>          |   42.946|
B<0>           |O<31>          |   42.074|
B<1>           |O<1>           |    9.881|
B<1>           |O<2>           |   12.251|
B<1>           |O<3>           |   12.950|
B<1>           |O<4>           |   13.398|
B<1>           |O<5>           |   14.980|
B<1>           |O<6>           |   15.067|
B<1>           |O<7>           |   19.125|
B<1>           |O<8>           |   19.008|
B<1>           |O<9>           |   19.588|
B<1>           |O<10>          |   20.087|
B<1>           |O<11>          |   22.635|
B<1>           |O<12>          |   22.463|
B<1>           |O<13>          |   23.311|
B<1>           |O<14>          |   24.518|
B<1>           |O<15>          |   26.105|
B<1>           |O<16>          |   26.050|
B<1>           |O<17>          |   28.263|
B<1>           |O<18>          |   29.210|
B<1>           |O<19>          |   30.524|
B<1>           |O<20>          |   31.356|
B<1>           |O<21>          |   32.818|
B<1>           |O<22>          |   33.392|
B<1>           |O<23>          |   35.090|
B<1>           |O<24>          |   34.306|
B<1>           |O<25>          |   36.512|
B<1>           |O<26>          |   37.007|
B<1>           |O<27>          |   39.812|
B<1>           |O<28>          |   41.370|
B<1>           |O<29>          |   40.126|
B<1>           |O<30>          |   42.692|
B<1>           |O<31>          |   41.820|
B<2>           |O<2>           |   11.086|
B<2>           |O<3>           |   13.089|
B<2>           |O<4>           |   13.537|
B<2>           |O<5>           |   15.119|
B<2>           |O<6>           |   15.206|
B<2>           |O<7>           |   19.264|
B<2>           |O<8>           |   19.147|
B<2>           |O<9>           |   19.727|
B<2>           |O<10>          |   20.226|
B<2>           |O<11>          |   22.774|
B<2>           |O<12>          |   22.602|
B<2>           |O<13>          |   23.450|
B<2>           |O<14>          |   24.657|
B<2>           |O<15>          |   26.244|
B<2>           |O<16>          |   26.189|
B<2>           |O<17>          |   28.402|
B<2>           |O<18>          |   29.349|
B<2>           |O<19>          |   30.663|
B<2>           |O<20>          |   31.495|
B<2>           |O<21>          |   32.957|
B<2>           |O<22>          |   33.531|
B<2>           |O<23>          |   35.229|
B<2>           |O<24>          |   34.445|
B<2>           |O<25>          |   36.651|
B<2>           |O<26>          |   37.146|
B<2>           |O<27>          |   39.951|
B<2>           |O<28>          |   41.509|
B<2>           |O<29>          |   40.265|
B<2>           |O<30>          |   42.831|
B<2>           |O<31>          |   41.959|
B<3>           |O<3>           |   10.822|
B<3>           |O<4>           |   11.686|
B<3>           |O<5>           |   13.268|
B<3>           |O<6>           |   13.355|
B<3>           |O<7>           |   17.413|
B<3>           |O<8>           |   17.296|
B<3>           |O<9>           |   17.876|
B<3>           |O<10>          |   18.375|
B<3>           |O<11>          |   20.923|
B<3>           |O<12>          |   20.751|
B<3>           |O<13>          |   21.599|
B<3>           |O<14>          |   22.806|
B<3>           |O<15>          |   24.393|
B<3>           |O<16>          |   24.338|
B<3>           |O<17>          |   26.551|
B<3>           |O<18>          |   27.498|
B<3>           |O<19>          |   28.812|
B<3>           |O<20>          |   29.644|
B<3>           |O<21>          |   31.106|
B<3>           |O<22>          |   31.680|
B<3>           |O<23>          |   33.378|
B<3>           |O<24>          |   32.594|
B<3>           |O<25>          |   34.800|
B<3>           |O<26>          |   35.295|
B<3>           |O<27>          |   38.100|
B<3>           |O<28>          |   39.658|
B<3>           |O<29>          |   38.414|
B<3>           |O<30>          |   40.980|
B<3>           |O<31>          |   40.108|
B<4>           |O<4>           |    9.858|
B<4>           |O<5>           |   11.680|
B<4>           |O<6>           |   11.767|
B<4>           |O<7>           |   15.825|
B<4>           |O<8>           |   15.708|
B<4>           |O<9>           |   16.288|
B<4>           |O<10>          |   16.787|
B<4>           |O<11>          |   19.335|
B<4>           |O<12>          |   19.163|
B<4>           |O<13>          |   20.011|
B<4>           |O<14>          |   21.218|
B<4>           |O<15>          |   22.805|
B<4>           |O<16>          |   22.750|
B<4>           |O<17>          |   24.963|
B<4>           |O<18>          |   25.910|
B<4>           |O<19>          |   27.224|
B<4>           |O<20>          |   28.056|
B<4>           |O<21>          |   29.518|
B<4>           |O<22>          |   30.092|
B<4>           |O<23>          |   31.790|
B<4>           |O<24>          |   31.006|
B<4>           |O<25>          |   33.212|
B<4>           |O<26>          |   33.707|
B<4>           |O<27>          |   36.512|
B<4>           |O<28>          |   38.070|
B<4>           |O<29>          |   36.826|
B<4>           |O<30>          |   39.392|
B<4>           |O<31>          |   38.520|
B<5>           |O<5>           |   10.966|
B<5>           |O<6>           |   10.806|
B<5>           |O<7>           |   14.864|
B<5>           |O<8>           |   14.747|
B<5>           |O<9>           |   15.327|
B<5>           |O<10>          |   15.826|
B<5>           |O<11>          |   18.374|
B<5>           |O<12>          |   18.202|
B<5>           |O<13>          |   19.050|
B<5>           |O<14>          |   20.257|
B<5>           |O<15>          |   21.844|
B<5>           |O<16>          |   21.789|
B<5>           |O<17>          |   24.002|
B<5>           |O<18>          |   24.949|
B<5>           |O<19>          |   26.263|
B<5>           |O<20>          |   27.095|
B<5>           |O<21>          |   28.557|
B<5>           |O<22>          |   29.131|
B<5>           |O<23>          |   30.829|
B<5>           |O<24>          |   30.045|
B<5>           |O<25>          |   32.251|
B<5>           |O<26>          |   32.746|
B<5>           |O<27>          |   35.551|
B<5>           |O<28>          |   37.109|
B<5>           |O<29>          |   35.865|
B<5>           |O<30>          |   38.431|
B<5>           |O<31>          |   37.559|
B<6>           |O<6>           |    9.418|
B<6>           |O<7>           |   12.858|
B<6>           |O<8>           |   12.741|
B<6>           |O<9>           |   13.321|
B<6>           |O<10>          |   13.820|
B<6>           |O<11>          |   16.368|
B<6>           |O<12>          |   16.196|
B<6>           |O<13>          |   17.044|
B<6>           |O<14>          |   18.251|
B<6>           |O<15>          |   19.838|
B<6>           |O<16>          |   19.783|
B<6>           |O<17>          |   21.996|
B<6>           |O<18>          |   22.943|
B<6>           |O<19>          |   24.257|
B<6>           |O<20>          |   25.089|
B<6>           |O<21>          |   26.551|
B<6>           |O<22>          |   27.125|
B<6>           |O<23>          |   28.823|
B<6>           |O<24>          |   28.039|
B<6>           |O<25>          |   30.245|
B<6>           |O<26>          |   30.740|
B<6>           |O<27>          |   33.545|
B<6>           |O<28>          |   35.103|
B<6>           |O<29>          |   33.859|
B<6>           |O<30>          |   36.425|
B<6>           |O<31>          |   35.553|
B<7>           |O<7>           |   11.474|
B<7>           |O<8>           |   12.616|
B<7>           |O<9>           |   13.196|
B<7>           |O<10>          |   13.695|
B<7>           |O<11>          |   16.243|
B<7>           |O<12>          |   16.071|
B<7>           |O<13>          |   16.919|
B<7>           |O<14>          |   18.126|
B<7>           |O<15>          |   19.713|
B<7>           |O<16>          |   19.658|
B<7>           |O<17>          |   21.871|
B<7>           |O<18>          |   22.818|
B<7>           |O<19>          |   24.132|
B<7>           |O<20>          |   24.964|
B<7>           |O<21>          |   26.426|
B<7>           |O<22>          |   27.000|
B<7>           |O<23>          |   28.698|
B<7>           |O<24>          |   27.914|
B<7>           |O<25>          |   30.120|
B<7>           |O<26>          |   30.615|
B<7>           |O<27>          |   33.420|
B<7>           |O<28>          |   34.978|
B<7>           |O<29>          |   33.734|
B<7>           |O<30>          |   36.300|
B<7>           |O<31>          |   35.428|
B<8>           |O<8>           |   10.792|
B<8>           |O<9>           |   13.134|
B<8>           |O<10>          |   13.633|
B<8>           |O<11>          |   16.181|
B<8>           |O<12>          |   16.009|
B<8>           |O<13>          |   16.857|
B<8>           |O<14>          |   18.064|
B<8>           |O<15>          |   19.651|
B<8>           |O<16>          |   19.596|
B<8>           |O<17>          |   21.809|
B<8>           |O<18>          |   22.756|
B<8>           |O<19>          |   24.070|
B<8>           |O<20>          |   24.902|
B<8>           |O<21>          |   26.364|
B<8>           |O<22>          |   26.938|
B<8>           |O<23>          |   28.636|
B<8>           |O<24>          |   27.852|
B<8>           |O<25>          |   30.058|
B<8>           |O<26>          |   30.553|
B<8>           |O<27>          |   33.358|
B<8>           |O<28>          |   34.916|
B<8>           |O<29>          |   33.672|
B<8>           |O<30>          |   36.238|
B<8>           |O<31>          |   35.366|
B<9>           |O<9>           |   11.405|
B<9>           |O<10>          |   12.067|
B<9>           |O<11>          |   14.615|
B<9>           |O<12>          |   14.443|
B<9>           |O<13>          |   15.291|
B<9>           |O<14>          |   16.498|
B<9>           |O<15>          |   18.085|
B<9>           |O<16>          |   18.030|
B<9>           |O<17>          |   20.243|
B<9>           |O<18>          |   21.190|
B<9>           |O<19>          |   22.504|
B<9>           |O<20>          |   23.336|
B<9>           |O<21>          |   24.798|
B<9>           |O<22>          |   25.372|
B<9>           |O<23>          |   27.070|
B<9>           |O<24>          |   26.286|
B<9>           |O<25>          |   28.492|
B<9>           |O<26>          |   28.987|
B<9>           |O<27>          |   31.792|
B<9>           |O<28>          |   33.350|
B<9>           |O<29>          |   32.106|
B<9>           |O<30>          |   34.672|
B<9>           |O<31>          |   33.800|
B<10>          |O<10>          |   11.000|
B<10>          |O<11>          |   12.612|
B<10>          |O<12>          |   12.440|
B<10>          |O<13>          |   13.288|
B<10>          |O<14>          |   14.495|
B<10>          |O<15>          |   16.082|
B<10>          |O<16>          |   16.027|
B<10>          |O<17>          |   18.240|
B<10>          |O<18>          |   19.187|
B<10>          |O<19>          |   20.501|
B<10>          |O<20>          |   21.333|
B<10>          |O<21>          |   22.795|
B<10>          |O<22>          |   23.369|
B<10>          |O<23>          |   25.067|
B<10>          |O<24>          |   24.283|
B<10>          |O<25>          |   26.489|
B<10>          |O<26>          |   26.984|
B<10>          |O<27>          |   29.789|
B<10>          |O<28>          |   31.347|
B<10>          |O<29>          |   30.103|
B<10>          |O<30>          |   32.669|
B<10>          |O<31>          |   31.797|
B<11>          |O<11>          |   11.101|
B<11>          |O<12>          |   10.993|
B<11>          |O<13>          |   11.841|
B<11>          |O<14>          |   13.048|
B<11>          |O<15>          |   14.635|
B<11>          |O<16>          |   14.580|
B<11>          |O<17>          |   16.793|
B<11>          |O<18>          |   17.740|
B<11>          |O<19>          |   19.054|
B<11>          |O<20>          |   19.886|
B<11>          |O<21>          |   21.348|
B<11>          |O<22>          |   21.922|
B<11>          |O<23>          |   23.620|
B<11>          |O<24>          |   22.836|
B<11>          |O<25>          |   25.042|
B<11>          |O<26>          |   25.537|
B<11>          |O<27>          |   28.342|
B<11>          |O<28>          |   29.900|
B<11>          |O<29>          |   28.656|
B<11>          |O<30>          |   31.222|
B<11>          |O<31>          |   30.350|
B<12>          |O<12>          |   10.101|
B<12>          |O<13>          |   10.668|
B<12>          |O<14>          |   11.875|
B<12>          |O<15>          |   13.462|
B<12>          |O<16>          |   13.407|
B<12>          |O<17>          |   15.620|
B<12>          |O<18>          |   16.567|
B<12>          |O<19>          |   17.881|
B<12>          |O<20>          |   18.713|
B<12>          |O<21>          |   20.175|
B<12>          |O<22>          |   20.749|
B<12>          |O<23>          |   22.447|
B<12>          |O<24>          |   21.663|
B<12>          |O<25>          |   23.869|
B<12>          |O<26>          |   24.364|
B<12>          |O<27>          |   27.169|
B<12>          |O<28>          |   28.727|
B<12>          |O<29>          |   27.483|
B<12>          |O<30>          |   30.049|
B<12>          |O<31>          |   29.177|
B<13>          |O<13>          |   10.097|
B<13>          |O<14>          |   11.368|
B<13>          |O<15>          |   12.955|
B<13>          |O<16>          |   12.900|
B<13>          |O<17>          |   15.113|
B<13>          |O<18>          |   16.060|
B<13>          |O<19>          |   17.374|
B<13>          |O<20>          |   18.206|
B<13>          |O<21>          |   19.668|
B<13>          |O<22>          |   20.242|
B<13>          |O<23>          |   21.940|
B<13>          |O<24>          |   21.156|
B<13>          |O<25>          |   23.362|
B<13>          |O<26>          |   23.857|
B<13>          |O<27>          |   26.662|
B<13>          |O<28>          |   28.220|
B<13>          |O<29>          |   26.976|
B<13>          |O<30>          |   29.542|
B<13>          |O<31>          |   28.670|
B<14>          |O<14>          |   10.236|
B<14>          |O<15>          |   11.949|
B<14>          |O<16>          |   11.894|
B<14>          |O<17>          |   14.107|
B<14>          |O<18>          |   15.054|
B<14>          |O<19>          |   16.368|
B<14>          |O<20>          |   17.200|
B<14>          |O<21>          |   18.662|
B<14>          |O<22>          |   19.236|
B<14>          |O<23>          |   20.934|
B<14>          |O<24>          |   20.150|
B<14>          |O<25>          |   22.356|
B<14>          |O<26>          |   22.851|
B<14>          |O<27>          |   25.656|
B<14>          |O<28>          |   27.214|
B<14>          |O<29>          |   25.970|
B<14>          |O<30>          |   28.536|
B<14>          |O<31>          |   27.664|
B<15>          |O<15>          |   10.692|
B<15>          |O<16>          |   11.462|
B<15>          |O<17>          |   13.675|
B<15>          |O<18>          |   14.622|
B<15>          |O<19>          |   15.936|
B<15>          |O<20>          |   16.768|
B<15>          |O<21>          |   18.230|
B<15>          |O<22>          |   18.804|
B<15>          |O<23>          |   20.502|
B<15>          |O<24>          |   19.718|
B<15>          |O<25>          |   21.924|
B<15>          |O<26>          |   22.419|
B<15>          |O<27>          |   25.224|
B<15>          |O<28>          |   26.782|
B<15>          |O<29>          |   25.538|
B<15>          |O<30>          |   28.104|
B<15>          |O<31>          |   27.232|
B<16>          |O<16>          |   10.436|
B<16>          |O<17>          |   11.671|
B<16>          |O<18>          |   12.618|
B<16>          |O<19>          |   13.932|
B<16>          |O<20>          |   14.764|
B<16>          |O<21>          |   16.226|
B<16>          |O<22>          |   16.800|
B<16>          |O<23>          |   18.498|
B<16>          |O<24>          |   17.714|
B<16>          |O<25>          |   19.920|
B<16>          |O<26>          |   20.415|
B<16>          |O<27>          |   23.220|
B<16>          |O<28>          |   24.778|
B<16>          |O<29>          |   23.534|
B<16>          |O<30>          |   26.100|
B<16>          |O<31>          |   25.228|
B<17>          |O<17>          |   11.120|
B<17>          |O<18>          |   12.429|
B<17>          |O<19>          |   13.743|
B<17>          |O<20>          |   14.575|
B<17>          |O<21>          |   16.037|
B<17>          |O<22>          |   16.611|
B<17>          |O<23>          |   18.309|
B<17>          |O<24>          |   17.525|
B<17>          |O<25>          |   19.731|
B<17>          |O<26>          |   20.226|
B<17>          |O<27>          |   23.031|
B<17>          |O<28>          |   24.589|
B<17>          |O<29>          |   23.345|
B<17>          |O<30>          |   25.911|
B<17>          |O<31>          |   25.039|
B<18>          |O<18>          |   11.075|
B<18>          |O<19>          |   12.312|
B<18>          |O<20>          |   13.144|
B<18>          |O<21>          |   14.606|
B<18>          |O<22>          |   15.180|
B<18>          |O<23>          |   16.878|
B<18>          |O<24>          |   16.094|
B<18>          |O<25>          |   18.300|
B<18>          |O<26>          |   18.795|
B<18>          |O<27>          |   21.600|
B<18>          |O<28>          |   23.158|
B<18>          |O<29>          |   21.914|
B<18>          |O<30>          |   24.480|
B<18>          |O<31>          |   23.608|
B<19>          |O<19>          |   11.595|
B<19>          |O<20>          |   11.659|
B<19>          |O<21>          |   13.121|
B<19>          |O<22>          |   13.695|
B<19>          |O<23>          |   15.393|
B<19>          |O<24>          |   14.609|
B<19>          |O<25>          |   16.815|
B<19>          |O<26>          |   17.310|
B<19>          |O<27>          |   20.115|
B<19>          |O<28>          |   21.673|
B<19>          |O<29>          |   20.429|
B<19>          |O<30>          |   22.995|
B<19>          |O<31>          |   22.123|
B<20>          |O<20>          |   10.882|
B<20>          |O<21>          |   11.847|
B<20>          |O<22>          |   12.421|
B<20>          |O<23>          |   14.119|
B<20>          |O<24>          |   13.335|
B<20>          |O<25>          |   15.541|
B<20>          |O<26>          |   16.036|
B<20>          |O<27>          |   18.841|
B<20>          |O<28>          |   20.399|
B<20>          |O<29>          |   19.155|
B<20>          |O<30>          |   21.721|
B<20>          |O<31>          |   20.849|
B<21>          |O<21>          |   10.567|
B<21>          |O<22>          |   11.598|
B<21>          |O<23>          |   13.296|
B<21>          |O<24>          |   12.512|
B<21>          |O<25>          |   14.718|
B<21>          |O<26>          |   15.213|
B<21>          |O<27>          |   18.018|
B<21>          |O<28>          |   19.576|
B<21>          |O<29>          |   18.332|
B<21>          |O<30>          |   20.898|
B<21>          |O<31>          |   20.026|
B<22>          |O<22>          |   10.474|
B<22>          |O<23>          |   11.486|
B<22>          |O<24>          |   10.702|
B<22>          |O<25>          |   12.908|
B<22>          |O<26>          |   13.403|
B<22>          |O<27>          |   16.208|
B<22>          |O<28>          |   17.766|
B<22>          |O<29>          |   16.522|
B<22>          |O<30>          |   19.088|
B<22>          |O<31>          |   18.216|
B<23>          |O<23>          |   10.389|
B<23>          |O<24>          |   10.278|
B<23>          |O<25>          |   12.484|
B<23>          |O<26>          |   12.979|
B<23>          |O<27>          |   15.784|
B<23>          |O<28>          |   17.342|
B<23>          |O<29>          |   16.098|
B<23>          |O<30>          |   18.664|
B<23>          |O<31>          |   17.792|
B<24>          |O<24>          |    9.748|
B<24>          |O<25>          |   10.965|
B<24>          |O<26>          |   11.460|
B<24>          |O<27>          |   14.265|
B<24>          |O<28>          |   15.823|
B<24>          |O<29>          |   14.579|
B<24>          |O<30>          |   17.145|
B<24>          |O<31>          |   16.273|
B<25>          |O<25>          |   10.272|
B<25>          |O<26>          |   10.915|
B<25>          |O<27>          |   13.720|
B<25>          |O<28>          |   15.278|
B<25>          |O<29>          |   14.034|
B<25>          |O<30>          |   16.600|
B<25>          |O<31>          |   15.728|
B<26>          |O<26>          |    9.816|
B<26>          |O<27>          |   11.378|
B<26>          |O<28>          |   12.936|
B<26>          |O<29>          |   11.692|
B<26>          |O<30>          |   14.258|
B<26>          |O<31>          |   13.386|
B<27>          |O<27>          |   10.516|
B<27>          |O<28>          |   12.138|
B<27>          |O<29>          |   10.894|
B<27>          |O<30>          |   13.460|
B<27>          |O<31>          |   12.588|
B<28>          |O<28>          |   11.397|
B<28>          |O<29>          |    9.463|
B<28>          |O<30>          |   12.029|
B<28>          |O<31>          |   11.157|
B<29>          |O<29>          |    9.256|
B<29>          |O<30>          |   11.867|
B<29>          |O<31>          |   10.995|
B<30>          |O<30>          |   10.464|
B<30>          |O<31>          |   10.498|
B<31>          |O<31>          |   10.760|
Sel<0>         |O<0>           |   11.388|
Sel<0>         |O<1>           |   14.356|
Sel<0>         |O<2>           |   15.601|
Sel<0>         |O<3>           |   16.300|
Sel<0>         |O<4>           |   16.748|
Sel<0>         |O<5>           |   18.330|
Sel<0>         |O<6>           |   18.417|
Sel<0>         |O<7>           |   22.475|
Sel<0>         |O<8>           |   22.358|
Sel<0>         |O<9>           |   22.938|
Sel<0>         |O<10>          |   23.437|
Sel<0>         |O<11>          |   25.985|
Sel<0>         |O<12>          |   25.813|
Sel<0>         |O<13>          |   26.661|
Sel<0>         |O<14>          |   27.868|
Sel<0>         |O<15>          |   29.455|
Sel<0>         |O<16>          |   29.400|
Sel<0>         |O<17>          |   31.613|
Sel<0>         |O<18>          |   32.560|
Sel<0>         |O<19>          |   33.874|
Sel<0>         |O<20>          |   34.706|
Sel<0>         |O<21>          |   36.168|
Sel<0>         |O<22>          |   36.742|
Sel<0>         |O<23>          |   38.440|
Sel<0>         |O<24>          |   37.656|
Sel<0>         |O<25>          |   39.862|
Sel<0>         |O<26>          |   40.357|
Sel<0>         |O<27>          |   43.162|
Sel<0>         |O<28>          |   44.720|
Sel<0>         |O<29>          |   43.476|
Sel<0>         |O<30>          |   46.042|
Sel<0>         |O<31>          |   45.170|
Sel<1>         |O<0>           |   10.619|
Sel<1>         |O<1>           |    9.553|
Sel<1>         |O<2>           |   11.122|
Sel<1>         |O<3>           |   10.133|
Sel<1>         |O<4>           |   11.536|
Sel<1>         |O<5>           |   11.857|
Sel<1>         |O<6>           |   10.862|
Sel<1>         |O<7>           |   10.759|
Sel<1>         |O<8>           |   10.177|
Sel<1>         |O<9>           |    9.910|
Sel<1>         |O<10>          |    9.896|
Sel<1>         |O<11>          |   10.899|
Sel<1>         |O<12>          |   10.285|
Sel<1>         |O<13>          |   10.216|
Sel<1>         |O<14>          |   10.077|
Sel<1>         |O<15>          |   10.109|
Sel<1>         |O<16>          |    9.562|
Sel<1>         |O<17>          |    9.987|
Sel<1>         |O<18>          |   10.214|
Sel<1>         |O<19>          |    9.629|
Sel<1>         |O<20>          |    9.743|
Sel<1>         |O<21>          |    8.528|
Sel<1>         |O<22>          |    8.990|
Sel<1>         |O<23>          |    8.487|
Sel<1>         |O<24>          |    8.347|
Sel<1>         |O<25>          |    9.136|
Sel<1>         |O<26>          |    8.235|
Sel<1>         |O<27>          |    8.384|
Sel<1>         |O<28>          |    9.755|
Sel<1>         |O<29>          |    7.533|
Sel<1>         |O<30>          |    8.547|
Sel<1>         |O<31>          |    8.636|
Sel<2>         |O<0>           |   11.520|
Sel<2>         |O<1>           |   12.026|
Sel<2>         |O<2>           |   11.837|
Sel<2>         |O<3>           |   12.140|
Sel<2>         |O<4>           |   11.410|
Sel<2>         |O<5>           |   12.248|
Sel<2>         |O<6>           |   11.611|
Sel<2>         |O<7>           |   12.800|
Sel<2>         |O<8>           |   10.599|
Sel<2>         |O<9>           |   10.820|
Sel<2>         |O<10>          |   10.921|
Sel<2>         |O<11>          |   11.696|
Sel<2>         |O<12>          |   10.558|
Sel<2>         |O<13>          |   10.951|
Sel<2>         |O<14>          |   10.801|
Sel<2>         |O<15>          |   10.800|
Sel<2>         |O<16>          |    9.939|
Sel<2>         |O<17>          |   10.397|
Sel<2>         |O<18>          |   10.823|
Sel<2>         |O<19>          |   10.188|
Sel<2>         |O<20>          |   10.065|
Sel<2>         |O<21>          |   10.493|
Sel<2>         |O<22>          |   10.454|
Sel<2>         |O<23>          |    9.214|
Sel<2>         |O<24>          |    8.913|
Sel<2>         |O<25>          |    9.791|
Sel<2>         |O<26>          |    9.899|
Sel<2>         |O<27>          |    9.154|
Sel<2>         |O<28>          |   10.537|
Sel<2>         |O<29>          |    8.120|
Sel<2>         |O<30>          |    9.815|
Sel<2>         |O<31>          |    8.599|
---------------+---------------+---------+


Analysis completed Sat Jan 24 20:35:41 2026 
--------------------------------------------------------------------------------

Trace Settings:
-------------------------
Trace Settings 

Peak Memory Usage: 117 MB



