Release 10.1 - xst K.31 (nt)
Copyright (c) 1995-2008 Xilinx, Inc.  All rights reserved.
--> Parameter TMPDIR set to C:/Documents and Settings/student/Desktop/ALU/xst/projnav.tmp


Total REAL time to Xst completion: 0.00 secs
Total CPU time to Xst completion: 0.13 secs
 
--> Parameter xsthdpdir set to C:/Documents and Settings/student/Desktop/ALU/xst


Total REAL time to Xst completion: 0.00 secs
Total CPU time to Xst completion: 0.14 secs
 
--> Reading design: ALU.prj

TABLE OF CONTENTS
  1) Synthesis Options Summary
  2) HDL Compilation
  3) Design Hierarchy Analysis
  4) HDL Analysis
  5) HDL Synthesis
     5.1) HDL Synthesis Report
  6) Advanced HDL Synthesis
     6.1) Advanced HDL Synthesis Report
  7) Low Level Synthesis
  8) Partition Report
  9) Final Report
     9.1) Device utilization summary
     9.2) Partition Resource Summary
     9.3) TIMING REPORT


=========================================================================
*                      Synthesis Options Summary                        *
=========================================================================
---- Source Parameters
Input File Name                    : "ALU.prj"
Input Format                       : mixed
Ignore Synthesis Constraint File   : NO

---- Target Parameters
Output File Name                   : "ALU"
Output Format                      : NGC
Target Device                      : xc3s700a-4-fg484

---- Source Options
Top Module Name                    : ALU
Automatic FSM Extraction           : YES
FSM Encoding Algorithm             : Auto
Safe Implementation                : No
FSM Style                          : lut
RAM Extraction                     : Yes
RAM Style                          : Auto
ROM Extraction                     : Yes
Mux Style                          : Auto
Decoder Extraction                 : YES
Priority Encoder Extraction        : YES
Shift Register Extraction          : YES
Logical Shifter Extraction         : YES
XOR Collapsing                     : YES
ROM Style                          : Auto
Mux Extraction                     : YES
Resource Sharing                   : YES
Asynchronous To Synchronous        : NO
Multiplier Style                   : auto
Automatic Register Balancing       : No

---- Target Options
Add IO Buffers                     : YES
Global Maximum Fanout              : 500
Add Generic Clock Buffer(BUFG)     : 24
Register Duplication               : YES
Slice Packing                      : YES
Optimize Instantiated Primitives   : NO
Use Clock Enable                   : Yes
Use Synchronous Set                : Yes
Use Synchronous Reset              : Yes
Pack IO Registers into IOBs        : auto
Equivalent register Removal        : YES

---- General Options
Optimization Goal                  : Speed
Optimization Effort                : 1
Library Search Order               : ALU.lso
Keep Hierarchy                     : NO
Netlist Hierarchy                  : as_optimized
RTL Output                         : Yes
Global Optimization                : AllClockNets
Read Cores                         : YES
Write Timing Constraints           : NO
Cross Clock Analysis               : NO
Hierarchy Separator                : /
Bus Delimiter                      : <>
Case Specifier                     : maintain
Slice Utilization Ratio            : 100
BRAM Utilization Ratio             : 100
Verilog 2001                       : YES
Auto BRAM Packing                  : NO
Slice Utilization Ratio Delta      : 5

=========================================================================


=========================================================================
*                          HDL Compilation                              *
=========================================================================
Compiling verilog file "adder_1b.vf" in library work
Compiling verilog file "adder_8bit.vf" in library work
Module <adder_1b> compiled
Compiling verilog file "shifter_8bit.vf" in library work
Module <adder_8bit> compiled
Module <M2_1_HXILINX_shifter_8bit> compiled
Compiling verilog file "mux8_8bit.vf" in library work
Module <shifter_8bit> compiled
Module <M8_1E_HXILINX_mux8_8bit> compiled
Compiling verilog file "adder_32bit.vf" in library work
Module <mux8_8bit> compiled
Compiling verilog file "shifter_32bit.vf" in library work
Module <adder_32bit> compiled
Compiling verilog file "or32.vf" in library work
Module <shifter_32bit> compiled
Compiling verilog file "mux8_32bit.vf" in library work
Module <or32> compiled
Compiling verilog file "and32.vf" in library work
Module <mux8_32bit> compiled
Compiling verilog file "add_sub_32bit.vf" in library work
Module <and32> compiled
Compiling verilog file "ALU.vf" in library work
Module <add_sub_32bit> compiled
Module <ALU> compiled
No errors in compilation
Analysis of file <"ALU.prj"> succeeded.
 

=========================================================================
*                     Design Hierarchy Analysis                         *
=========================================================================
Analyzing hierarchy for module <ALU> in library <work>.

Analyzing hierarchy for module <add_sub_32bit> in library <work>.

Analyzing hierarchy for module <shifter_32bit> in library <work>.

Analyzing hierarchy for module <and32> in library <work>.

Analyzing hierarchy for module <or32> in library <work>.

Analyzing hierarchy for module <mux8_32bit> in library <work>.

Analyzing hierarchy for module <adder_32bit> in library <work>.

Analyzing hierarchy for module <shifter_8bit> in library <work>.

Analyzing hierarchy for module <mux8_8bit> in library <work>.

Analyzing hierarchy for module <adder_8bit> in library <work>.

Analyzing hierarchy for module <M2_1_HXILINX_shifter_8bit> in library <work>.

Analyzing hierarchy for module <M2_1_HXILINX_shifter_8bit> in library <work>.

Analyzing hierarchy for module <M2_1_HXILINX_shifter_8bit> in library <work>.

Analyzing hierarchy for module <M2_1_HXILINX_shifter_8bit> in library <work>.

Analyzing hierarchy for module <M2_1_HXILINX_shifter_8bit> in library <work>.

Analyzing hierarchy for module <M2_1_HXILINX_shifter_8bit> in library <work>.

Analyzing hierarchy for module <M2_1_HXILINX_shifter_8bit> in library <work>.

Analyzing hierarchy for module <M2_1_HXILINX_shifter_8bit> in library <work>.

Analyzing hierarchy for module <M8_1E_HXILINX_mux8_8bit> in library <work>.

Analyzing hierarchy for module <M8_1E_HXILINX_mux8_8bit> in library <work>.

Analyzing hierarchy for module <M8_1E_HXILINX_mux8_8bit> in library <work>.

Analyzing hierarchy for module <M8_1E_HXILINX_mux8_8bit> in library <work>.

Analyzing hierarchy for module <M8_1E_HXILINX_mux8_8bit> in library <work>.

Analyzing hierarchy for module <M8_1E_HXILINX_mux8_8bit> in library <work>.

Analyzing hierarchy for module <M8_1E_HXILINX_mux8_8bit> in library <work>.

Analyzing hierarchy for module <M8_1E_HXILINX_mux8_8bit> in library <work>.

Analyzing hierarchy for module <adder_1b> in library <work>.


=========================================================================
*                            HDL Analysis                               *
=========================================================================
Analyzing top module <ALU>.
WARNING:Xst:852 - "ALU.vf" line 53: Unconnected input port 'D5' of instance 'XLXI_23' is tied to GND.
WARNING:Xst:852 - "ALU.vf" line 53: Unconnected input port 'D6' of instance 'XLXI_23' is tied to GND.
WARNING:Xst:852 - "ALU.vf" line 53: Unconnected input port 'D7' of instance 'XLXI_23' is tied to GND.
Module <ALU> is correct for synthesis.
 
Analyzing module <add_sub_32bit> in library <work>.
Module <add_sub_32bit> is correct for synthesis.
 
Analyzing module <adder_32bit> in library <work>.
Module <adder_32bit> is correct for synthesis.
 
Analyzing module <adder_8bit> in library <work>.
Module <adder_8bit> is correct for synthesis.
 
Analyzing module <adder_1b> in library <work>.
Module <adder_1b> is correct for synthesis.
 
Analyzing module <shifter_32bit> in library <work>.
Module <shifter_32bit> is correct for synthesis.
 
Analyzing module <shifter_8bit> in library <work>.
Module <shifter_8bit> is correct for synthesis.
 
    Set user-defined property "HU_SET =  XLXI_10_6" for instance <XLXI_10> in unit <shifter_8bit>.
    Set user-defined property "HU_SET =  XLXI_11_7" for instance <XLXI_11> in unit <shifter_8bit>.
    Set user-defined property "HU_SET =  XLXI_2_1" for instance <XLXI_2> in unit <shifter_8bit>.
    Set user-defined property "HU_SET =  XLXI_5_0" for instance <XLXI_5> in unit <shifter_8bit>.
    Set user-defined property "HU_SET =  XLXI_6_2" for instance <XLXI_6> in unit <shifter_8bit>.
    Set user-defined property "HU_SET =  XLXI_7_3" for instance <XLXI_7> in unit <shifter_8bit>.
    Set user-defined property "HU_SET =  XLXI_8_4" for instance <XLXI_8> in unit <shifter_8bit>.
    Set user-defined property "HU_SET =  XLXI_9_5" for instance <XLXI_9> in unit <shifter_8bit>.
Analyzing module <M2_1_HXILINX_shifter_8bit.1> in library <work>.
Module <M2_1_HXILINX_shifter_8bit.1> is correct for synthesis.
 
Analyzing module <M2_1_HXILINX_shifter_8bit.2> in library <work>.
Module <M2_1_HXILINX_shifter_8bit.2> is correct for synthesis.
 
Analyzing module <M2_1_HXILINX_shifter_8bit.3> in library <work>.
Module <M2_1_HXILINX_shifter_8bit.3> is correct for synthesis.
 
Analyzing module <M2_1_HXILINX_shifter_8bit.4> in library <work>.
Module <M2_1_HXILINX_shifter_8bit.4> is correct for synthesis.
 
Analyzing module <M2_1_HXILINX_shifter_8bit.5> in library <work>.
Module <M2_1_HXILINX_shifter_8bit.5> is correct for synthesis.
 
Analyzing module <M2_1_HXILINX_shifter_8bit.6> in library <work>.
Module <M2_1_HXILINX_shifter_8bit.6> is correct for synthesis.
 
Analyzing module <M2_1_HXILINX_shifter_8bit.7> in library <work>.
Module <M2_1_HXILINX_shifter_8bit.7> is correct for synthesis.
 
Analyzing module <M2_1_HXILINX_shifter_8bit.8> in library <work>.
Module <M2_1_HXILINX_shifter_8bit.8> is correct for synthesis.
 
Analyzing module <and32> in library <work>.
Module <and32> is correct for synthesis.
 
Analyzing module <or32> in library <work>.
Module <or32> is correct for synthesis.
 
Analyzing module <mux8_32bit> in library <work>.
Module <mux8_32bit> is correct for synthesis.
 
Analyzing module <mux8_8bit> in library <work>.
Module <mux8_8bit> is correct for synthesis.
 
    Set user-defined property "HU_SET =  XLXI_32_0" for instance <XLXI_32> in unit <mux8_8bit>.
    Set user-defined property "HU_SET =  XLXI_43_1" for instance <XLXI_43> in unit <mux8_8bit>.
    Set user-defined property "HU_SET =  XLXI_45_2" for instance <XLXI_45> in unit <mux8_8bit>.
    Set user-defined property "HU_SET =  XLXI_47_3" for instance <XLXI_47> in unit <mux8_8bit>.
    Set user-defined property "HU_SET =  XLXI_49_4" for instance <XLXI_49> in unit <mux8_8bit>.
    Set user-defined property "HU_SET =  XLXI_51_5" for instance <XLXI_51> in unit <mux8_8bit>.
    Set user-defined property "HU_SET =  XLXI_53_6" for instance <XLXI_53> in unit <mux8_8bit>.
    Set user-defined property "HU_SET =  XLXI_55_7" for instance <XLXI_55> in unit <mux8_8bit>.
Analyzing module <M8_1E_HXILINX_mux8_8bit.1> in library <work>.
Module <M8_1E_HXILINX_mux8_8bit.1> is correct for synthesis.
 
Analyzing module <M8_1E_HXILINX_mux8_8bit.2> in library <work>.
Module <M8_1E_HXILINX_mux8_8bit.2> is correct for synthesis.
 
Analyzing module <M8_1E_HXILINX_mux8_8bit.3> in library <work>.
Module <M8_1E_HXILINX_mux8_8bit.3> is correct for synthesis.
 
Analyzing module <M8_1E_HXILINX_mux8_8bit.4> in library <work>.
Module <M8_1E_HXILINX_mux8_8bit.4> is correct for synthesis.
 
Analyzing module <M8_1E_HXILINX_mux8_8bit.5> in library <work>.
Module <M8_1E_HXILINX_mux8_8bit.5> is correct for synthesis.
 
Analyzing module <M8_1E_HXILINX_mux8_8bit.6> in library <work>.
Module <M8_1E_HXILINX_mux8_8bit.6> is correct for synthesis.
 
Analyzing module <M8_1E_HXILINX_mux8_8bit.7> in library <work>.
Module <M8_1E_HXILINX_mux8_8bit.7> is correct for synthesis.
 
Analyzing module <M8_1E_HXILINX_mux8_8bit.8> in library <work>.
Module <M8_1E_HXILINX_mux8_8bit.8> is correct for synthesis.
 

=========================================================================
*                           HDL Synthesis                               *
=========================================================================

Performing bidirectional port resolution...

Synthesizing Unit <M2_1_HXILINX_shifter_8bit_1>.
    Related source file is "shifter_8bit.vf".
Unit <M2_1_HXILINX_shifter_8bit_1> synthesized.


Synthesizing Unit <M2_1_HXILINX_shifter_8bit_2>.
    Related source file is "shifter_8bit.vf".
Unit <M2_1_HXILINX_shifter_8bit_2> synthesized.


Synthesizing Unit <M2_1_HXILINX_shifter_8bit_3>.
    Related source file is "shifter_8bit.vf".
Unit <M2_1_HXILINX_shifter_8bit_3> synthesized.


Synthesizing Unit <M2_1_HXILINX_shifter_8bit_4>.
    Related source file is "shifter_8bit.vf".
Unit <M2_1_HXILINX_shifter_8bit_4> synthesized.


Synthesizing Unit <M2_1_HXILINX_shifter_8bit_5>.
    Related source file is "shifter_8bit.vf".
Unit <M2_1_HXILINX_shifter_8bit_5> synthesized.


Synthesizing Unit <M2_1_HXILINX_shifter_8bit_6>.
    Related source file is "shifter_8bit.vf".
Unit <M2_1_HXILINX_shifter_8bit_6> synthesized.


Synthesizing Unit <M2_1_HXILINX_shifter_8bit_7>.
    Related source file is "shifter_8bit.vf".
Unit <M2_1_HXILINX_shifter_8bit_7> synthesized.


Synthesizing Unit <M2_1_HXILINX_shifter_8bit_8>.
    Related source file is "shifter_8bit.vf".
Unit <M2_1_HXILINX_shifter_8bit_8> synthesized.


Synthesizing Unit <M8_1E_HXILINX_mux8_8bit_1>.
    Related source file is "mux8_8bit.vf".
Unit <M8_1E_HXILINX_mux8_8bit_1> synthesized.


Synthesizing Unit <M8_1E_HXILINX_mux8_8bit_2>.
    Related source file is "mux8_8bit.vf".
Unit <M8_1E_HXILINX_mux8_8bit_2> synthesized.


Synthesizing Unit <M8_1E_HXILINX_mux8_8bit_3>.
    Related source file is "mux8_8bit.vf".
Unit <M8_1E_HXILINX_mux8_8bit_3> synthesized.


Synthesizing Unit <M8_1E_HXILINX_mux8_8bit_4>.
    Related source file is "mux8_8bit.vf".
Unit <M8_1E_HXILINX_mux8_8bit_4> synthesized.


Synthesizing Unit <M8_1E_HXILINX_mux8_8bit_5>.
    Related source file is "mux8_8bit.vf".
Unit <M8_1E_HXILINX_mux8_8bit_5> synthesized.


Synthesizing Unit <M8_1E_HXILINX_mux8_8bit_6>.
    Related source file is "mux8_8bit.vf".
Unit <M8_1E_HXILINX_mux8_8bit_6> synthesized.


Synthesizing Unit <M8_1E_HXILINX_mux8_8bit_7>.
    Related source file is "mux8_8bit.vf".
Unit <M8_1E_HXILINX_mux8_8bit_7> synthesized.


Synthesizing Unit <M8_1E_HXILINX_mux8_8bit_8>.
    Related source file is "mux8_8bit.vf".
Unit <M8_1E_HXILINX_mux8_8bit_8> synthesized.


Synthesizing Unit <and32>.
    Related source file is "and32.vf".
Unit <and32> synthesized.


Synthesizing Unit <or32>.
    Related source file is "or32.vf".
Unit <or32> synthesized.


Synthesizing Unit <adder_1b>.
    Related source file is "adder_1b.vf".
Unit <adder_1b> synthesized.


Synthesizing Unit <shifter_8bit>.
    Related source file is "shifter_8bit.vf".
Unit <shifter_8bit> synthesized.


Synthesizing Unit <mux8_8bit>.
    Related source file is "mux8_8bit.vf".
Unit <mux8_8bit> synthesized.


Synthesizing Unit <shifter_32bit>.
    Related source file is "shifter_32bit.vf".
Unit <shifter_32bit> synthesized.


Synthesizing Unit <mux8_32bit>.
    Related source file is "mux8_32bit.vf".
Unit <mux8_32bit> synthesized.


Synthesizing Unit <adder_8bit>.
    Related source file is "adder_8bit.vf".
Unit <adder_8bit> synthesized.


Synthesizing Unit <adder_32bit>.
    Related source file is "adder_32bit.vf".
Unit <adder_32bit> synthesized.


Synthesizing Unit <add_sub_32bit>.
    Related source file is "add_sub_32bit.vf".
Unit <add_sub_32bit> synthesized.


Synthesizing Unit <ALU>.
    Related source file is "ALU.vf".
Unit <ALU> synthesized.


=========================================================================
HDL Synthesis Report

Found no macro
=========================================================================

=========================================================================
*                       Advanced HDL Synthesis                          *
=========================================================================

Loading device for application Rf_Device from file '3s700a.nph' in environment C:\Xilinx\10.1\ISE.

=========================================================================
Advanced HDL Synthesis Report

Found no macro
=========================================================================

=========================================================================
*                         Low Level Synthesis                           *
=========================================================================

Optimizing unit <ALU> ...

Optimizing unit <M2_1_HXILINX_shifter_8bit_1> ...

Optimizing unit <M2_1_HXILINX_shifter_8bit_2> ...

Optimizing unit <M2_1_HXILINX_shifter_8bit_3> ...

Optimizing unit <M2_1_HXILINX_shifter_8bit_4> ...

Optimizing unit <M2_1_HXILINX_shifter_8bit_5> ...

Optimizing unit <M2_1_HXILINX_shifter_8bit_6> ...

Optimizing unit <M2_1_HXILINX_shifter_8bit_7> ...

Optimizing unit <M2_1_HXILINX_shifter_8bit_8> ...

Optimizing unit <M8_1E_HXILINX_mux8_8bit_1> ...

Optimizing unit <M8_1E_HXILINX_mux8_8bit_2> ...

Optimizing unit <M8_1E_HXILINX_mux8_8bit_3> ...

Optimizing unit <M8_1E_HXILINX_mux8_8bit_4> ...

Optimizing unit <M8_1E_HXILINX_mux8_8bit_5> ...

Optimizing unit <M8_1E_HXILINX_mux8_8bit_6> ...

Optimizing unit <M8_1E_HXILINX_mux8_8bit_7> ...

Optimizing unit <M8_1E_HXILINX_mux8_8bit_8> ...

Optimizing unit <add_sub_32bit> ...

Mapping all equations...
Building and optimizing final netlist ...
Found area constraint ratio of 100 (+ 5) on block ALU, actual ratio is 1.

Final Macro Processing ...

=========================================================================
Final Register Report

Found no macro
=========================================================================

=========================================================================
*                           Partition Report                             *
=========================================================================

Partition Implementation Status
-------------------------------

  No Partitions were found in this design.

-------------------------------

=========================================================================
*                            Final Report                               *
=========================================================================
Final Results
RTL Top Level Output File Name     : ALU.ngr
Top Level Output File Name         : ALU
Output Format                      : NGC
Optimization Goal                  : Speed
Keep Hierarchy                     : NO

Design Statistics
# IOs                              : 99

Cell Usage :
# BELS                             : 417
#      AND2                        : 128
#      LUT3                        : 32
#      LUT4                        : 64
#      MUXF5                       : 32
#      OR2                         : 32
#      OR3                         : 32
#      VCC                         : 1
#      XOR2                        : 96
# IO Buffers                       : 99
#      IBUF                        : 67
#      OBUF                        : 32
=========================================================================

Device utilization summary:
---------------------------

Selected Device : 3s700afg484-4 

 Number of Slices:                       48  out of   5888     0%  
 Number of 4 input LUTs:                 96  out of  11776     0%  
 Number of IOs:                          99
 Number of bonded IOBs:                  99  out of    372    26%  

---------------------------
Partition Resource Summary:
---------------------------

  No Partitions were found in this design.

---------------------------


=========================================================================
TIMING REPORT

NOTE: THESE TIMING NUMBERS ARE ONLY A SYNTHESIS ESTIMATE.
      FOR ACCURATE TIMING INFORMATION PLEASE REFER TO THE TRACE REPORT
      GENERATED AFTER PLACE-and-ROUTE.

Clock Information:
------------------
No clock signals found in this design

Asynchronous Control Signals Information:
----------------------------------------
No asynchronous control signals found in this design

Timing Summary:
---------------
Speed Grade: -4

   Minimum period: No path found
   Minimum input arrival time before clock: No path found
   Maximum output required time after clock: No path found
   Maximum combinational path delay: 81.092ns

Timing Detail:
--------------
All values displayed in nanoseconds (ns)

=========================================================================
Timing constraint: Default path analysis
  Total number of paths / destination ports: 60129542290 / 32
-------------------------------------------------------------------------
Delay:               81.092ns (Levels of Logic = 70)
  Source:            Sel<0> (PAD)
  Destination:       O<31> (PAD)

  Data Path: Sel<0> to O<31>
                                Gate     Net
    Cell:in->out      fanout   Delay   Delay  Logical Name (Net Name)
    ----------------------------------------  ------------
     IBUF:I->O            67   0.849   1.273  Sel_0_IBUF (Sel_0_IBUF)
     XOR2:I0->O            3   0.648   0.531  XLXI_1/XLXI_3 (XLXI_1/BN<0>)
     AND2:I1->O            1   0.648   0.420  XLXI_1/XLXI_1/XLXI_1/XLXI_14/XLXI_5 (XLXI_1/XLXI_1/XLXI_1/XLXI_14/XLXN_17)
     OR3:I0->O             3   0.648   0.531  XLXI_1/XLXI_1/XLXI_1/XLXI_14/XLXI_6 (XLXI_1/XLXI_1/XLXI_1/XLXN_4)
     AND2:I0->O            1   0.648   0.420  XLXI_1/XLXI_1/XLXI_1/XLXI_2/XLXI_5 (XLXI_1/XLXI_1/XLXI_1/XLXI_2/XLXN_17)
     OR3:I0->O             3   0.648   0.531  XLXI_1/XLXI_1/XLXI_1/XLXI_2/XLXI_6 (XLXI_1/XLXI_1/XLXI_1/XLXN_5)
     AND2:I0->O            1   0.648   0.420  XLXI_1/XLXI_1/XLXI_1/XLXI_3/XLXI_5 (XLXI_1/XLXI_1/XLXI_1/XLXI_3/XLXN_17)
     OR3:I0->O             3   0.648   0.531  XLXI_1/XLXI_1/XLXI_1/XLXI_3/XLXI_6 (XLXI_1/XLXI_1/XLXI_1/XLXN_54)
     AND2:I0->O            1   0.648   0.420  XLXI_1/XLXI_1/XLXI_1/XLXI_4/XLXI_5 (XLXI_1/XLXI_1/XLXI_1/XLXI_4/XLXN_17)
     OR3:I0->O             3   0.648   0.531  XLXI_1/XLXI_1/XLXI_1/XLXI_4/XLXI_6 (XLXI_1/XLXI_1/XLXI_1/C3)
     AND2:I0->O            1   0.648   0.420  XLXI_1/XLXI_1/XLXI_1/XLXI_8/XLXI_5 (XLXI_1/XLXI_1/XLXI_1/XLXI_8/XLXN_17)
     OR3:I0->O             3   0.648   0.531  XLXI_1/XLXI_1/XLXI_1/XLXI_8/XLXI_6 (XLXI_1/XLXI_1/XLXI_1/XLXN_39)
     AND2:I0->O            1   0.648   0.420  XLXI_1/XLXI_1/XLXI_1/XLXI_9/XLXI_5 (XLXI_1/XLXI_1/XLXI_1/XLXI_9/XLXN_17)
     OR3:I0->O             3   0.648   0.531  XLXI_1/XLXI_1/XLXI_1/XLXI_9/XLXI_6 (XLXI_1/XLXI_1/XLXI_1/XLXN_40)
     AND2:I0->O            1   0.648   0.420  XLXI_1/XLXI_1/XLXI_1/XLXI_10/XLXI_5 (XLXI_1/XLXI_1/XLXI_1/XLXI_10/XLXN_17)
     OR3:I0->O             3   0.648   0.531  XLXI_1/XLXI_1/XLXI_1/XLXI_10/XLXI_6 (XLXI_1/XLXI_1/XLXI_1/XLXN_51)
     AND2:I0->O            1   0.648   0.420  XLXI_1/XLXI_1/XLXI_1/XLXI_11/XLXI_5 (XLXI_1/XLXI_1/XLXI_1/XLXI_11/XLXN_17)
     OR3:I0->O             3   0.648   0.531  XLXI_1/XLXI_1/XLXI_1/XLXI_11/XLXI_6 (XLXI_1/XLXI_1/XLXN_1)
     AND2:I0->O            1   0.648   0.420  XLXI_1/XLXI_1/XLXI_2/XLXI_14/XLXI_5 (XLXI_1/XLXI_1/XLXI_2/XLXI_14/XLXN_17)
     OR3:I0->O             3   0.648   0.531  XLXI_1/XLXI_1/XLXI_2/XLXI_14/XLXI_6 (XLXI_1/XLXI_1/XLXI_2/XLXN_4)
     AND2:I0->O            1   0.648   0.420  XLXI_1/XLXI_1/XLXI_2/XLXI_2/XLXI_5 (XLXI_1/XLXI_1/XLXI_2/XLXI_2/XLXN_17)
     OR3:I0->O             3   0.648   0.531  XLXI_1/XLXI_1/XLXI_2/XLXI_2/XLXI_6 (XLXI_1/XLXI_1/XLXI_2/XLXN_5)
     AND2:I0->O            1   0.648   0.420  XLXI_1/XLXI_1/XLXI_2/XLXI_3/XLXI_5 (XLXI_1/XLXI_1/XLXI_2/XLXI_3/XLXN_17)
     OR3:I0->O             3   0.648   0.531  XLXI_1/XLXI_1/XLXI_2/XLXI_3/XLXI_6 (XLXI_1/XLXI_1/XLXI_2/XLXN_54)
     AND2:I0->O            1   0.648   0.420  XLXI_1/XLXI_1/XLXI_2/XLXI_4/XLXI_5 (XLXI_1/XLXI_1/XLXI_2/XLXI_4/XLXN_17)
     OR3:I0->O             3   0.648   0.531  XLXI_1/XLXI_1/XLXI_2/XLXI_4/XLXI_6 (XLXI_1/XLXI_1/XLXI_2/C3)
     AND2:I0->O            1   0.648   0.420  XLXI_1/XLXI_1/XLXI_2/XLXI_8/XLXI_5 (XLXI_1/XLXI_1/XLXI_2/XLXI_8/XLXN_17)
     OR3:I0->O             3   0.648   0.531  XLXI_1/XLXI_1/XLXI_2/XLXI_8/XLXI_6 (XLXI_1/XLXI_1/XLXI_2/XLXN_39)
     AND2:I0->O            1   0.648   0.420  XLXI_1/XLXI_1/XLXI_2/XLXI_9/XLXI_5 (XLXI_1/XLXI_1/XLXI_2/XLXI_9/XLXN_17)
     OR3:I0->O             3   0.648   0.531  XLXI_1/XLXI_1/XLXI_2/XLXI_9/XLXI_6 (XLXI_1/XLXI_1/XLXI_2/XLXN_40)
     AND2:I0->O            1   0.648   0.420  XLXI_1/XLXI_1/XLXI_2/XLXI_10/XLXI_5 (XLXI_1/XLXI_1/XLXI_2/XLXI_10/XLXN_17)
     OR3:I0->O             3   0.648   0.531  XLXI_1/XLXI_1/XLXI_2/XLXI_10/XLXI_6 (XLXI_1/XLXI_1/XLXI_2/XLXN_51)
     AND2:I0->O            1   0.648   0.420  XLXI_1/XLXI_1/XLXI_2/XLXI_11/XLXI_5 (XLXI_1/XLXI_1/XLXI_2/XLXI_11/XLXN_17)
     OR3:I0->O             3   0.648   0.531  XLXI_1/XLXI_1/XLXI_2/XLXI_11/XLXI_6 (XLXI_1/XLXI_1/XLXN_2)
     AND2:I0->O            1   0.648   0.420  XLXI_1/XLXI_1/XLXI_3/XLXI_14/XLXI_5 (XLXI_1/XLXI_1/XLXI_3/XLXI_14/XLXN_17)
     OR3:I0->O             3   0.648   0.531  XLXI_1/XLXI_1/XLXI_3/XLXI_14/XLXI_6 (XLXI_1/XLXI_1/XLXI_3/XLXN_4)
     AND2:I0->O            1   0.648   0.420  XLXI_1/XLXI_1/XLXI_3/XLXI_2/XLXI_5 (XLXI_1/XLXI_1/XLXI_3/XLXI_2/XLXN_17)
     OR3:I0->O             3   0.648   0.531  XLXI_1/XLXI_1/XLXI_3/XLXI_2/XLXI_6 (XLXI_1/XLXI_1/XLXI_3/XLXN_5)
     AND2:I0->O            1   0.648   0.420  XLXI_1/XLXI_1/XLXI_3/XLXI_3/XLXI_5 (XLXI_1/XLXI_1/XLXI_3/XLXI_3/XLXN_17)
     OR3:I0->O             3   0.648   0.531  XLXI_1/XLXI_1/XLXI_3/XLXI_3/XLXI_6 (XLXI_1/XLXI_1/XLXI_3/XLXN_54)
     AND2:I0->O            1   0.648   0.420  XLXI_1/XLXI_1/XLXI_3/XLXI_4/XLXI_5 (XLXI_1/XLXI_1/XLXI_3/XLXI_4/XLXN_17)
     OR3:I0->O             3   0.648   0.531  XLXI_1/XLXI_1/XLXI_3/XLXI_4/XLXI_6 (XLXI_1/XLXI_1/XLXI_3/C3)
     AND2:I0->O            1   0.648   0.420  XLXI_1/XLXI_1/XLXI_3/XLXI_8/XLXI_5 (XLXI_1/XLXI_1/XLXI_3/XLXI_8/XLXN_17)
     OR3:I0->O             3   0.648   0.531  XLXI_1/XLXI_1/XLXI_3/XLXI_8/XLXI_6 (XLXI_1/XLXI_1/XLXI_3/XLXN_39)
     AND2:I0->O            1   0.648   0.420  XLXI_1/XLXI_1/XLXI_3/XLXI_9/XLXI_5 (XLXI_1/XLXI_1/XLXI_3/XLXI_9/XLXN_17)
     OR3:I0->O             3   0.648   0.531  XLXI_1/XLXI_1/XLXI_3/XLXI_9/XLXI_6 (XLXI_1/XLXI_1/XLXI_3/XLXN_40)
     AND2:I0->O            1   0.648   0.420  XLXI_1/XLXI_1/XLXI_3/XLXI_10/XLXI_5 (XLXI_1/XLXI_1/XLXI_3/XLXI_10/XLXN_17)
     OR3:I0->O             3   0.648   0.531  XLXI_1/XLXI_1/XLXI_3/XLXI_10/XLXI_6 (XLXI_1/XLXI_1/XLXI_3/XLXN_51)
     AND2:I0->O            1   0.648   0.420  XLXI_1/XLXI_1/XLXI_3/XLXI_11/XLXI_5 (XLXI_1/XLXI_1/XLXI_3/XLXI_11/XLXN_17)
     OR3:I0->O             3   0.648   0.531  XLXI_1/XLXI_1/XLXI_3/XLXI_11/XLXI_6 (XLXI_1/XLXI_1/XLXN_3)
     AND2:I0->O            1   0.648   0.420  XLXI_1/XLXI_1/XLXI_4/XLXI_14/XLXI_5 (XLXI_1/XLXI_1/XLXI_4/XLXI_14/XLXN_17)
     OR3:I0->O             3   0.648   0.531  XLXI_1/XLXI_1/XLXI_4/XLXI_14/XLXI_6 (XLXI_1/XLXI_1/XLXI_4/XLXN_4)
     AND2:I0->O            1   0.648   0.420  XLXI_1/XLXI_1/XLXI_4/XLXI_2/XLXI_5 (XLXI_1/XLXI_1/XLXI_4/XLXI_2/XLXN_17)
     OR3:I0->O             3   0.648   0.531  XLXI_1/XLXI_1/XLXI_4/XLXI_2/XLXI_6 (XLXI_1/XLXI_1/XLXI_4/XLXN_5)
     AND2:I0->O            1   0.648   0.420  XLXI_1/XLXI_1/XLXI_4/XLXI_3/XLXI_5 (XLXI_1/XLXI_1/XLXI_4/XLXI_3/XLXN_17)
     OR3:I0->O             3   0.648   0.531  XLXI_1/XLXI_1/XLXI_4/XLXI_3/XLXI_6 (XLXI_1/XLXI_1/XLXI_4/XLXN_54)
     AND2:I0->O            1   0.648   0.420  XLXI_1/XLXI_1/XLXI_4/XLXI_4/XLXI_5 (XLXI_1/XLXI_1/XLXI_4/XLXI_4/XLXN_17)
     OR3:I0->O             3   0.648   0.531  XLXI_1/XLXI_1/XLXI_4/XLXI_4/XLXI_6 (XLXI_1/XLXI_1/XLXI_4/C3)
     AND2:I0->O            1   0.648   0.420  XLXI_1/XLXI_1/XLXI_4/XLXI_8/XLXI_5 (XLXI_1/XLXI_1/XLXI_4/XLXI_8/XLXN_17)
     OR3:I0->O             3   0.648   0.531  XLXI_1/XLXI_1/XLXI_4/XLXI_8/XLXI_6 (XLXI_1/XLXI_1/XLXI_4/XLXN_39)
     AND2:I0->O            1   0.648   0.420  XLXI_1/XLXI_1/XLXI_4/XLXI_9/XLXI_5 (XLXI_1/XLXI_1/XLXI_4/XLXI_9/XLXN_17)
     OR3:I0->O             3   0.648   0.531  XLXI_1/XLXI_1/XLXI_4/XLXI_9/XLXI_6 (XLXI_1/XLXI_1/XLXI_4/XLXN_40)
     AND2:I0->O            1   0.648   0.420  XLXI_1/XLXI_1/XLXI_4/XLXI_10/XLXI_5 (XLXI_1/XLXI_1/XLXI_4/XLXI_10/XLXN_17)
     OR3:I0->O             3   0.648   0.531  XLXI_1/XLXI_1/XLXI_4/XLXI_10/XLXI_6 (XLXI_1/XLXI_1/XLXI_4/XLXN_51)
     XOR2:I0->O            2   0.648   0.479  XLXI_1/XLXI_1/XLXI_4/XLXI_11/XLXI_2 (XLXN_54<31>)
     begin scope: 'XLXI_23/XLXI_57/XLXI_55'
     LUT3:I2->O            1   0.648   0.500  O46 (O46)
     LUT4:I1->O            1   0.643   0.000  O76_F (N21)
     MUXF5:I0->O           1   0.276   0.420  O76 (O)
     end scope: 'XLXI_23/XLXI_57/XLXI_55'
     OBUF:I->O                 4.520          O_31_OBUF (O<31>)
    ----------------------------------------
    Total                     81.092ns (48.408ns logic, 32.684ns route)
                                       (59.7% logic, 40.3% route)

=========================================================================


Total REAL time to Xst completion: 3.00 secs
Total CPU time to Xst completion: 3.30 secs
 
--> 

Total memory usage is 156660 kilobytes

Number of errors   :    0 (   0 filtered)
Number of warnings :    3 (   0 filtered)
Number of infos    :    0 (   0 filtered)

