Release 10.1 Map K.31 (nt)
Xilinx Mapping Report File for Design 'ALU'

Design Information
------------------
Command Line   : map -ise "C:/Documents and
Settings/student/Desktop/ALU/ALU.ise" -intstyle ise -p xc3s700a-fg484-4 -cm area
-pr off -k 4 -c 100 -o ALU_map.ncd ALU.ngd ALU.pcf 
Target Device  : xc3s700a
Target Package : fg484
Target Speed   : -4
Mapper Version : spartan3a -- $Revision: 1.46 $
Mapped Date    : Sat Jan 24 20:35:34 2026

Design Summary
--------------
Number of errors:      0
Number of warnings:    1
Logic Utilization:
  Number of 4 input LUTs:               192 out of  11,776    1%
Logic Distribution:
  Number of occupied Slices:            111 out of   5,888    1%
    Number of Slices containing only related logic:     111 out of     111 100%
    Number of Slices containing unrelated logic:          0 out of     111   0%
      *See NOTES below for an explanation of the effects of unrelated logic.
  Total Number of 4 input LUTs:         192 out of  11,776    1%
  Number of bonded IOBs:                 99 out of     372   26%

Peak Memory Usage:  158 MB
Total REAL time to MAP completion:  1 secs 
Total CPU time to MAP completion:   1 secs 

NOTES:

   Related logic is defined as being logic that shares connectivity - e.g. two
   LUTs are "related" if they share common inputs.  When assembling slices,
   Map gives priority to combine logic that is related.  Doing so results in
   the best timing performance.

   Unrelated logic shares no connectivity.  Map will only begin packing
   unrelated logic into a slice once 99% of the slices are occupied through
   related logic packing.

   Note that once logic distribution reaches the 99% level through related
   logic packing, this does not mean the device is completely utilized.
   Unrelated logic packing will then begin, continuing until all usable LUTs
   and FFs are occupied.  Depending on your timing budget, increased levels of
   unrelated logic packing may adversely affect the overall timing performance
   of your design.

Table of Contents
-----------------
Section 1 - Errors
Section 2 - Warnings
Section 3 - Informational
Section 4 - Removed Logic Summary
Section 5 - Removed Logic
Section 6 - IOB Properties
Section 7 - RPMs
Section 8 - Guide Report
Section 9 - Area Group and Partition Summary
Section 10 - Modular Design Summary
Section 11 - Timing Report
Section 12 - Configuration String Information
Section 13 - Control Set Information
Section 14 - Utilization by Hierarchy

Section 1 - Errors
------------------

Section 2 - Warnings
--------------------
WARNING:LIT:243 - Logical network XLXI_23/XLXI_57/XLXN_127 has no load.

Section 3 - Informational
-------------------------
INFO:MapLib:562 - No environment variables are currently set.
INFO:LIT:244 - All of the single ended outputs in this design are using slew
   rate limited output drivers. The delay on speed critical single ended outputs
   can be dramatically reduced by designating them as fast outputs.

Section 4 - Removed Logic Summary
---------------------------------
   5 block(s) removed
   4 signal(s) removed

Section 5 - Removed Logic
-------------------------

The trimmed logic report below shows the logic removed from your design due to
sourceless or loadless signals, and VCC or ground connections.  If the removal
of a signal or symbol results in the subsequent removal of an additional signal
or symbol, the message explaining that second removal will be indented.  This
indentation will be repeated as a chain of related logic is removed.

To quickly locate the original cause for the removal of a chain of logic, look
above the place where that logic is listed in the trimming report, then locate
the lines that are least indented (begin at the leftmost edge).

Loadless block "XLXI_1/XLXI_1/XLXI_4/XLXI_11/XLXI_6" (OR) removed.
 The signal "XLXI_1/XLXI_1/XLXI_4/XLXI_11/XLXN_17" is loadless and has been
removed.
  Loadless block "XLXI_1/XLXI_1/XLXI_4/XLXI_11/XLXI_5" (AND) removed.
 The signal "XLXI_1/XLXI_1/XLXI_4/XLXI_11/XLXN_16" is loadless and has been
removed.
  Loadless block "XLXI_1/XLXI_1/XLXI_4/XLXI_11/XLXI_4" (AND) removed.
 The signal "XLXI_1/XLXI_1/XLXI_4/XLXI_11/XLXN_15" is loadless and has been
removed.
  Loadless block "XLXI_1/XLXI_1/XLXI_4/XLXI_11/XLXI_3" (AND) removed.

The trimmed logic reported below is either:
   1. part of a cycle
   2. part of disabled logic
   3. a side-effect of other trimmed logic

The signal "XLXI_23/XLXI_57/XLXN_127" is unused and has been removed.
 Unused block "XLXI_23/XLXI_57/XLXI_56" (ONE) removed.

Section 6 - IOB Properties
--------------------------

+--------------------------------------------------------------------------------------------------------------------------------------------------------------+
| IOB Name                           | Type             | Direction | IO Standard | Drive    | Slew    | Reg (s)      | Resistor | IBUF/IFD | SUSPEND          |
|                                    |                  |           |             | Strength | Rate    |              |          | Delay    |                  |
+--------------------------------------------------------------------------------------------------------------------------------------------------------------+
| A<0>                               | IBUF             | INPUT     | LVCMOS25    |          |         |              |          | 0 / 0    |                  |
| A<1>                               | IBUF             | INPUT     | LVCMOS25    |          |         |              |          | 0 / 0    |                  |
| A<2>                               | IBUF             | INPUT     | LVCMOS25    |          |         |              |          | 0 / 0    |                  |
| A<3>                               | IBUF             | INPUT     | LVCMOS25    |          |         |              |          | 0 / 0    |                  |
| A<4>                               | IBUF             | INPUT     | LVCMOS25    |          |         |              |          | 0 / 0    |                  |
| A<5>                               | IBUF             | INPUT     | LVCMOS25    |          |         |              |          | 0 / 0    |                  |
| A<6>                               | IBUF             | INPUT     | LVCMOS25    |          |         |              |          | 0 / 0    |                  |
| A<7>                               | IBUF             | INPUT     | LVCMOS25    |          |         |              |          | 0 / 0    |                  |
| A<8>                               | IBUF             | INPUT     | LVCMOS25    |          |         |              |          | 0 / 0    |                  |
| A<9>                               | IBUF             | INPUT     | LVCMOS25    |          |         |              |          | 0 / 0    |                  |
| A<10>                              | IBUF             | INPUT     | LVCMOS25    |          |         |              |          | 0 / 0    |                  |
| A<11>                              | IBUF             | INPUT     | LVCMOS25    |          |         |              |          | 0 / 0    |                  |
| A<12>                              | IBUF             | INPUT     | LVCMOS25    |          |         |              |          | 0 / 0    |                  |
| A<13>                              | IBUF             | INPUT     | LVCMOS25    |          |         |              |          | 0 / 0    |                  |
| A<14>                              | IBUF             | INPUT     | LVCMOS25    |          |         |              |          | 0 / 0    |                  |
| A<15>                              | IBUF             | INPUT     | LVCMOS25    |          |         |              |          | 0 / 0    |                  |
| A<16>                              | IBUF             | INPUT     | LVCMOS25    |          |         |              |          | 0 / 0    |                  |
| A<17>                              | IBUF             | INPUT     | LVCMOS25    |          |         |              |          | 0 / 0    |                  |
| A<18>                              | IBUF             | INPUT     | LVCMOS25    |          |         |              |          | 0 / 0    |                  |
| A<19>                              | IBUF             | INPUT     | LVCMOS25    |          |         |              |          | 0 / 0    |                  |
| A<20>                              | IBUF             | INPUT     | LVCMOS25    |          |         |              |          | 0 / 0    |                  |
| A<21>                              | IBUF             | INPUT     | LVCMOS25    |          |         |              |          | 0 / 0    |                  |
| A<22>                              | IBUF             | INPUT     | LVCMOS25    |          |         |              |          | 0 / 0    |                  |
| A<23>                              | IBUF             | INPUT     | LVCMOS25    |          |         |              |          | 0 / 0    |                  |
| A<24>                              | IBUF             | INPUT     | LVCMOS25    |          |         |              |          | 0 / 0    |                  |
| A<25>                              | IBUF             | INPUT     | LVCMOS25    |          |         |              |          | 0 / 0    |                  |
| A<26>                              | IBUF             | INPUT     | LVCMOS25    |          |         |              |          | 0 / 0    |                  |
| A<27>                              | IBUF             | INPUT     | LVCMOS25    |          |         |              |          | 0 / 0    |                  |
| A<28>                              | IBUF             | INPUT     | LVCMOS25    |          |         |              |          | 0 / 0    |                  |
| A<29>                              | IBUF             | INPUT     | LVCMOS25    |          |         |              |          | 0 / 0    |                  |
| A<30>                              | IBUF             | INPUT     | LVCMOS25    |          |         |              |          | 0 / 0    |                  |
| A<31>                              | IBUF             | INPUT     | LVCMOS25    |          |         |              |          | 0 / 0    |                  |
| B<0>                               | IBUF             | INPUT     | LVCMOS25    |          |         |              |          | 0 / 0    |                  |
| B<1>                               | IBUF             | INPUT     | LVCMOS25    |          |         |              |          | 0 / 0    |                  |
| B<2>                               | IBUF             | INPUT     | LVCMOS25    |          |         |              |          | 0 / 0    |                  |
| B<3>                               | IBUF             | INPUT     | LVCMOS25    |          |         |              |          | 0 / 0    |                  |
| B<4>                               | IBUF             | INPUT     | LVCMOS25    |          |         |              |          | 0 / 0    |                  |
| B<5>                               | IBUF             | INPUT     | LVCMOS25    |          |         |              |          | 0 / 0    |                  |
| B<6>                               | IBUF             | INPUT     | LVCMOS25    |          |         |              |          | 0 / 0    |                  |
| B<7>                               | IBUF             | INPUT     | LVCMOS25    |          |         |              |          | 0 / 0    |                  |
| B<8>                               | IBUF             | INPUT     | LVCMOS25    |          |         |              |          | 0 / 0    |                  |
| B<9>                               | IBUF             | INPUT     | LVCMOS25    |          |         |              |          | 0 / 0    |                  |
| B<10>                              | IBUF             | INPUT     | LVCMOS25    |          |         |              |          | 0 / 0    |                  |
| B<11>                              | IBUF             | INPUT     | LVCMOS25    |          |         |              |          | 0 / 0    |                  |
| B<12>                              | IBUF             | INPUT     | LVCMOS25    |          |         |              |          | 0 / 0    |                  |
| B<13>                              | IBUF             | INPUT     | LVCMOS25    |          |         |              |          | 0 / 0    |                  |
| B<14>                              | IBUF             | INPUT     | LVCMOS25    |          |         |              |          | 0 / 0    |                  |
| B<15>                              | IBUF             | INPUT     | LVCMOS25    |          |         |              |          | 0 / 0    |                  |
| B<16>                              | IBUF             | INPUT     | LVCMOS25    |          |         |              |          | 0 / 0    |                  |
| B<17>                              | IBUF             | INPUT     | LVCMOS25    |          |         |              |          | 0 / 0    |                  |
| B<18>                              | IBUF             | INPUT     | LVCMOS25    |          |         |              |          | 0 / 0    |                  |
| B<19>                              | IBUF             | INPUT     | LVCMOS25    |          |         |              |          | 0 / 0    |                  |
| B<20>                              | IBUF             | INPUT     | LVCMOS25    |          |         |              |          | 0 / 0    |                  |
| B<21>                              | IBUF             | INPUT     | LVCMOS25    |          |         |              |          | 0 / 0    |                  |
| B<22>                              | IBUF             | INPUT     | LVCMOS25    |          |         |              |          | 0 / 0    |                  |
| B<23>                              | IBUF             | INPUT     | LVCMOS25    |          |         |              |          | 0 / 0    |                  |
| B<24>                              | IBUF             | INPUT     | LVCMOS25    |          |         |              |          | 0 / 0    |                  |
| B<25>                              | IBUF             | INPUT     | LVCMOS25    |          |         |              |          | 0 / 0    |                  |
| B<26>                              | IBUF             | INPUT     | LVCMOS25    |          |         |              |          | 0 / 0    |                  |
| B<27>                              | IBUF             | INPUT     | LVCMOS25    |          |         |              |          | 0 / 0    |                  |
| B<28>                              | IBUF             | INPUT     | LVCMOS25    |          |         |              |          | 0 / 0    |                  |
| B<29>                              | IBUF             | INPUT     | LVCMOS25    |          |         |              |          | 0 / 0    |                  |
| B<30>                              | IBUF             | INPUT     | LVCMOS25    |          |         |              |          | 0 / 0    |                  |
| B<31>                              | IBUF             | INPUT     | LVCMOS25    |          |         |              |          | 0 / 0    |                  |
| O<0>                               | IOB              | OUTPUT    | LVCMOS25    | 12       | SLOW    |              |          | 0 / 0    | 3STATE           |
| O<1>                               | IOB              | OUTPUT    | LVCMOS25    | 12       | SLOW    |              |          | 0 / 0    | 3STATE           |
| O<2>                               | IOB              | OUTPUT    | LVCMOS25    | 12       | SLOW    |              |          | 0 / 0    | 3STATE           |
| O<3>                               | IOB              | OUTPUT    | LVCMOS25    | 12       | SLOW    |              |          | 0 / 0    | 3STATE           |
| O<4>                               | IOB              | OUTPUT    | LVCMOS25    | 12       | SLOW    |              |          | 0 / 0    | 3STATE           |
| O<5>                               | IOB              | OUTPUT    | LVCMOS25    | 12       | SLOW    |              |          | 0 / 0    | 3STATE           |
| O<6>                               | IOB              | OUTPUT    | LVCMOS25    | 12       | SLOW    |              |          | 0 / 0    | 3STATE           |
| O<7>                               | IOB              | OUTPUT    | LVCMOS25    | 12       | SLOW    |              |          | 0 / 0    | 3STATE           |
| O<8>                               | IOB              | OUTPUT    | LVCMOS25    | 12       | SLOW    |              |          | 0 / 0    | 3STATE           |
| O<9>                               | IOB              | OUTPUT    | LVCMOS25    | 12       | SLOW    |              |          | 0 / 0    | 3STATE           |
| O<10>                              | IOB              | OUTPUT    | LVCMOS25    | 12       | SLOW    |              |          | 0 / 0    | 3STATE           |
| O<11>                              | IOB              | OUTPUT    | LVCMOS25    | 12       | SLOW    |              |          | 0 / 0    | 3STATE           |
| O<12>                              | IOB              | OUTPUT    | LVCMOS25    | 12       | SLOW    |              |          | 0 / 0    | 3STATE           |
| O<13>                              | IOB              | OUTPUT    | LVCMOS25    | 12       | SLOW    |              |          | 0 / 0    | 3STATE           |
| O<14>                              | IOB              | OUTPUT    | LVCMOS25    | 12       | SLOW    |              |          | 0 / 0    | 3STATE           |
| O<15>                              | IOB              | OUTPUT    | LVCMOS25    | 12       | SLOW    |              |          | 0 / 0    | 3STATE           |
| O<16>                              | IOB              | OUTPUT    | LVCMOS25    | 12       | SLOW    |              |          | 0 / 0    | 3STATE           |
| O<17>                              | IOB              | OUTPUT    | LVCMOS25    | 12       | SLOW    |              |          | 0 / 0    | 3STATE           |
| O<18>                              | IOB              | OUTPUT    | LVCMOS25    | 12       | SLOW    |              |          | 0 / 0    | 3STATE           |
| O<19>                              | IOB              | OUTPUT    | LVCMOS25    | 12       | SLOW    |              |          | 0 / 0    | 3STATE           |
| O<20>                              | IOB              | OUTPUT    | LVCMOS25    | 12       | SLOW    |              |          | 0 / 0    | 3STATE           |
| O<21>                              | IOB              | OUTPUT    | LVCMOS25    | 12       | SLOW    |              |          | 0 / 0    | 3STATE           |
| O<22>                              | IOB              | OUTPUT    | LVCMOS25    | 12       | SLOW    |              |          | 0 / 0    | 3STATE           |
| O<23>                              | IOB              | OUTPUT    | LVCMOS25    | 12       | SLOW    |              |          | 0 / 0    | 3STATE           |
| O<24>                              | IOB              | OUTPUT    | LVCMOS25    | 12       | SLOW    |              |          | 0 / 0    | 3STATE           |
| O<25>                              | IOB              | OUTPUT    | LVCMOS25    | 12       | SLOW    |              |          | 0 / 0    | 3STATE           |
| O<26>                              | IOB              | OUTPUT    | LVCMOS25    | 12       | SLOW    |              |          | 0 / 0    | 3STATE           |
| O<27>                              | IOB              | OUTPUT    | LVCMOS25    | 12       | SLOW    |              |          | 0 / 0    | 3STATE           |
| O<28>                              | IOB              | OUTPUT    | LVCMOS25    | 12       | SLOW    |              |          | 0 / 0    | 3STATE           |
| O<29>                              | IOB              | OUTPUT    | LVCMOS25    | 12       | SLOW    |              |          | 0 / 0    | 3STATE           |
| O<30>                              | IOB              | OUTPUT    | LVCMOS25    | 12       | SLOW    |              |          | 0 / 0    | 3STATE           |
| O<31>                              | IOB              | OUTPUT    | LVCMOS25    | 12       | SLOW    |              |          | 0 / 0    | 3STATE           |
| Sel<0>                             | IBUF             | INPUT     | LVCMOS25    |          |         |              |          | 0 / 0    |                  |
| Sel<1>                             | IBUF             | INPUT     | LVCMOS25    |          |         |              |          | 0 / 0    |                  |
| Sel<2>                             | IBUF             | INPUT     | LVCMOS25    |          |         |              |          | 0 / 0    |                  |
+--------------------------------------------------------------------------------------------------------------------------------------------------------------+

Section 7 - RPMs
----------------

Section 8 - Guide Report
------------------------
Guide not run on this design.

Section 9 - Area Group and Partition Summary
--------------------------------------------

Partition Implementation Status
-------------------------------

  No Partitions were found in this design.

-------------------------------

Area Group Information
----------------------

  No area groups were found in this design.

----------------------

Section 10 - Modular Design Summary
-----------------------------------
Modular Design not used for this design.

Section 11 - Timing Report
--------------------------
This design was not run using timing mode.

Section 12 - Configuration String Details
-----------------------------------------
Use the "-detail" map option to print out Configuration Strings

Section 13 - Control Set Information
------------------------------------
No control set information for this architecture.

Section 14 - Utilization by Hierarchy
-------------------------------------
+---------------------------------------------------------------------------------------------------------------------------------------------------------------------------+
| Module             | Partition | Slices        | Slice Reg     | LUTs          | LUTRAM        | BRAM      | MULT18X18 | BUFG  | DCM   | Full Hierarchical Name           |
+---------------------------------------------------------------------------------------------------------------------------------------------------------------------------+
| ALU/               |           | 0/160         | 0/0           | 0/192         | 0/0           | 0/0       | 0/0       | 0/0   | 0/0   | ALU                              |
| +XLXI_1            |           | 1/64          | 0/0           | 1/64          | 0/0           | 0/0       | 0/0       | 0/0   | 0/0   | ALU/XLXI_1                       |
| ++XLXI_1           |           | 0/63          | 0/0           | 0/63          | 0/0           | 0/0       | 0/0       | 0/0   | 0/0   | ALU/XLXI_1/XLXI_1                |
| +++XLXI_1          |           | 0/16          | 0/0           | 0/16          | 0/0           | 0/0       | 0/0       | 0/0   | 0/0   | ALU/XLXI_1/XLXI_1/XLXI_1         |
| ++++XLXI_10        |           | 2/2           | 0/0           | 2/2           | 0/0           | 0/0       | 0/0       | 0/0   | 0/0   | ALU/XLXI_1/XLXI_1/XLXI_1/XLXI_10 |
| ++++XLXI_11        |           | 2/2           | 0/0           | 2/2           | 0/0           | 0/0       | 0/0       | 0/0   | 0/0   | ALU/XLXI_1/XLXI_1/XLXI_1/XLXI_11 |
| ++++XLXI_14        |           | 2/2           | 0/0           | 2/2           | 0/0           | 0/0       | 0/0       | 0/0   | 0/0   | ALU/XLXI_1/XLXI_1/XLXI_1/XLXI_14 |
| ++++XLXI_2         |           | 2/2           | 0/0           | 2/2           | 0/0           | 0/0       | 0/0       | 0/0   | 0/0   | ALU/XLXI_1/XLXI_1/XLXI_1/XLXI_2  |
| ++++XLXI_3         |           | 2/2           | 0/0           | 2/2           | 0/0           | 0/0       | 0/0       | 0/0   | 0/0   | ALU/XLXI_1/XLXI_1/XLXI_1/XLXI_3  |
| ++++XLXI_4         |           | 2/2           | 0/0           | 2/2           | 0/0           | 0/0       | 0/0       | 0/0   | 0/0   | ALU/XLXI_1/XLXI_1/XLXI_1/XLXI_4  |
| ++++XLXI_8         |           | 2/2           | 0/0           | 2/2           | 0/0           | 0/0       | 0/0       | 0/0   | 0/0   | ALU/XLXI_1/XLXI_1/XLXI_1/XLXI_8  |
| ++++XLXI_9         |           | 2/2           | 0/0           | 2/2           | 0/0           | 0/0       | 0/0       | 0/0   | 0/0   | ALU/XLXI_1/XLXI_1/XLXI_1/XLXI_9  |
| +++XLXI_2          |           | 0/16          | 0/0           | 0/16          | 0/0           | 0/0       | 0/0       | 0/0   | 0/0   | ALU/XLXI_1/XLXI_1/XLXI_2         |
| ++++XLXI_10        |           | 2/2           | 0/0           | 2/2           | 0/0           | 0/0       | 0/0       | 0/0   | 0/0   | ALU/XLXI_1/XLXI_1/XLXI_2/XLXI_10 |
| ++++XLXI_11        |           | 2/2           | 0/0           | 2/2           | 0/0           | 0/0       | 0/0       | 0/0   | 0/0   | ALU/XLXI_1/XLXI_1/XLXI_2/XLXI_11 |
| ++++XLXI_14        |           | 2/2           | 0/0           | 2/2           | 0/0           | 0/0       | 0/0       | 0/0   | 0/0   | ALU/XLXI_1/XLXI_1/XLXI_2/XLXI_14 |
| ++++XLXI_2         |           | 2/2           | 0/0           | 2/2           | 0/0           | 0/0       | 0/0       | 0/0   | 0/0   | ALU/XLXI_1/XLXI_1/XLXI_2/XLXI_2  |
| ++++XLXI_3         |           | 2/2           | 0/0           | 2/2           | 0/0           | 0/0       | 0/0       | 0/0   | 0/0   | ALU/XLXI_1/XLXI_1/XLXI_2/XLXI_3  |
| ++++XLXI_4         |           | 2/2           | 0/0           | 2/2           | 0/0           | 0/0       | 0/0       | 0/0   | 0/0   | ALU/XLXI_1/XLXI_1/XLXI_2/XLXI_4  |
| ++++XLXI_8         |           | 2/2           | 0/0           | 2/2           | 0/0           | 0/0       | 0/0       | 0/0   | 0/0   | ALU/XLXI_1/XLXI_1/XLXI_2/XLXI_8  |
| ++++XLXI_9         |           | 2/2           | 0/0           | 2/2           | 0/0           | 0/0       | 0/0       | 0/0   | 0/0   | ALU/XLXI_1/XLXI_1/XLXI_2/XLXI_9  |
| +++XLXI_3          |           | 0/16          | 0/0           | 0/16          | 0/0           | 0/0       | 0/0       | 0/0   | 0/0   | ALU/XLXI_1/XLXI_1/XLXI_3         |
| ++++XLXI_10        |           | 2/2           | 0/0           | 2/2           | 0/0           | 0/0       | 0/0       | 0/0   | 0/0   | ALU/XLXI_1/XLXI_1/XLXI_3/XLXI_10 |
| ++++XLXI_11        |           | 2/2           | 0/0           | 2/2           | 0/0           | 0/0       | 0/0       | 0/0   | 0/0   | ALU/XLXI_1/XLXI_1/XLXI_3/XLXI_11 |
| ++++XLXI_14        |           | 2/2           | 0/0           | 2/2           | 0/0           | 0/0       | 0/0       | 0/0   | 0/0   | ALU/XLXI_1/XLXI_1/XLXI_3/XLXI_14 |
| ++++XLXI_2         |           | 2/2           | 0/0           | 2/2           | 0/0           | 0/0       | 0/0       | 0/0   | 0/0   | ALU/XLXI_1/XLXI_1/XLXI_3/XLXI_2  |
| ++++XLXI_3         |           | 2/2           | 0/0           | 2/2           | 0/0           | 0/0       | 0/0       | 0/0   | 0/0   | ALU/XLXI_1/XLXI_1/XLXI_3/XLXI_3  |
| ++++XLXI_4         |           | 2/2           | 0/0           | 2/2           | 0/0           | 0/0       | 0/0       | 0/0   | 0/0   | ALU/XLXI_1/XLXI_1/XLXI_3/XLXI_4  |
| ++++XLXI_8         |           | 2/2           | 0/0           | 2/2           | 0/0           | 0/0       | 0/0       | 0/0   | 0/0   | ALU/XLXI_1/XLXI_1/XLXI_3/XLXI_8  |
| ++++XLXI_9         |           | 2/2           | 0/0           | 2/2           | 0/0           | 0/0       | 0/0       | 0/0   | 0/0   | ALU/XLXI_1/XLXI_1/XLXI_3/XLXI_9  |
| +++XLXI_4          |           | 0/15          | 0/0           | 0/15          | 0/0           | 0/0       | 0/0       | 0/0   | 0/0   | ALU/XLXI_1/XLXI_1/XLXI_4         |
| ++++XLXI_10        |           | 1/1           | 0/0           | 1/1           | 0/0           | 0/0       | 0/0       | 0/0   | 0/0   | ALU/XLXI_1/XLXI_1/XLXI_4/XLXI_10 |
| ++++XLXI_11        |           | 2/2           | 0/0           | 2/2           | 0/0           | 0/0       | 0/0       | 0/0   | 0/0   | ALU/XLXI_1/XLXI_1/XLXI_4/XLXI_11 |
| ++++XLXI_14        |           | 2/2           | 0/0           | 2/2           | 0/0           | 0/0       | 0/0       | 0/0   | 0/0   | ALU/XLXI_1/XLXI_1/XLXI_4/XLXI_14 |
| ++++XLXI_2         |           | 2/2           | 0/0           | 2/2           | 0/0           | 0/0       | 0/0       | 0/0   | 0/0   | ALU/XLXI_1/XLXI_1/XLXI_4/XLXI_2  |
| ++++XLXI_3         |           | 2/2           | 0/0           | 2/2           | 0/0           | 0/0       | 0/0       | 0/0   | 0/0   | ALU/XLXI_1/XLXI_1/XLXI_4/XLXI_3  |
| ++++XLXI_4         |           | 2/2           | 0/0           | 2/2           | 0/0           | 0/0       | 0/0       | 0/0   | 0/0   | ALU/XLXI_1/XLXI_1/XLXI_4/XLXI_4  |
| ++++XLXI_8         |           | 2/2           | 0/0           | 2/2           | 0/0           | 0/0       | 0/0       | 0/0   | 0/0   | ALU/XLXI_1/XLXI_1/XLXI_4/XLXI_8  |
| ++++XLXI_9         |           | 2/2           | 0/0           | 2/2           | 0/0           | 0/0       | 0/0       | 0/0   | 0/0   | ALU/XLXI_1/XLXI_1/XLXI_4/XLXI_9  |
| +XLXI_23           |           | 0/64          | 0/0           | 0/96          | 0/0           | 0/0       | 0/0       | 0/0   | 0/0   | ALU/XLXI_23                      |
| ++XLXI_44          |           | 0/16          | 0/0           | 0/24          | 0/0           | 0/0       | 0/0       | 0/0   | 0/0   | ALU/XLXI_23/XLXI_44              |
| +++XLXI_32         |           | 2/2           | 0/0           | 3/3           | 0/0           | 0/0       | 0/0       | 0/0   | 0/0   | ALU/XLXI_23/XLXI_44/XLXI_32      |
| +++XLXI_43         |           | 2/2           | 0/0           | 3/3           | 0/0           | 0/0       | 0/0       | 0/0   | 0/0   | ALU/XLXI_23/XLXI_44/XLXI_43      |
| +++XLXI_45         |           | 2/2           | 0/0           | 3/3           | 0/0           | 0/0       | 0/0       | 0/0   | 0/0   | ALU/XLXI_23/XLXI_44/XLXI_45      |
| +++XLXI_47         |           | 2/2           | 0/0           | 3/3           | 0/0           | 0/0       | 0/0       | 0/0   | 0/0   | ALU/XLXI_23/XLXI_44/XLXI_47      |
| +++XLXI_49         |           | 2/2           | 0/0           | 3/3           | 0/0           | 0/0       | 0/0       | 0/0   | 0/0   | ALU/XLXI_23/XLXI_44/XLXI_49      |
| +++XLXI_51         |           | 2/2           | 0/0           | 3/3           | 0/0           | 0/0       | 0/0       | 0/0   | 0/0   | ALU/XLXI_23/XLXI_44/XLXI_51      |
| +++XLXI_53         |           | 2/2           | 0/0           | 3/3           | 0/0           | 0/0       | 0/0       | 0/0   | 0/0   | ALU/XLXI_23/XLXI_44/XLXI_53      |
| +++XLXI_55         |           | 2/2           | 0/0           | 3/3           | 0/0           | 0/0       | 0/0       | 0/0   | 0/0   | ALU/XLXI_23/XLXI_44/XLXI_55      |
| ++XLXI_48          |           | 0/16          | 0/0           | 0/24          | 0/0           | 0/0       | 0/0       | 0/0   | 0/0   | ALU/XLXI_23/XLXI_48              |
| +++XLXI_32         |           | 2/2           | 0/0           | 3/3           | 0/0           | 0/0       | 0/0       | 0/0   | 0/0   | ALU/XLXI_23/XLXI_48/XLXI_32      |
| +++XLXI_43         |           | 2/2           | 0/0           | 3/3           | 0/0           | 0/0       | 0/0       | 0/0   | 0/0   | ALU/XLXI_23/XLXI_48/XLXI_43      |
| +++XLXI_45         |           | 2/2           | 0/0           | 3/3           | 0/0           | 0/0       | 0/0       | 0/0   | 0/0   | ALU/XLXI_23/XLXI_48/XLXI_45      |
| +++XLXI_47         |           | 2/2           | 0/0           | 3/3           | 0/0           | 0/0       | 0/0       | 0/0   | 0/0   | ALU/XLXI_23/XLXI_48/XLXI_47      |
| +++XLXI_49         |           | 2/2           | 0/0           | 3/3           | 0/0           | 0/0       | 0/0       | 0/0   | 0/0   | ALU/XLXI_23/XLXI_48/XLXI_49      |
| +++XLXI_51         |           | 2/2           | 0/0           | 3/3           | 0/0           | 0/0       | 0/0       | 0/0   | 0/0   | ALU/XLXI_23/XLXI_48/XLXI_51      |
| +++XLXI_53         |           | 2/2           | 0/0           | 3/3           | 0/0           | 0/0       | 0/0       | 0/0   | 0/0   | ALU/XLXI_23/XLXI_48/XLXI_53      |
| +++XLXI_55         |           | 2/2           | 0/0           | 3/3           | 0/0           | 0/0       | 0/0       | 0/0   | 0/0   | ALU/XLXI_23/XLXI_48/XLXI_55      |
| ++XLXI_49          |           | 0/16          | 0/0           | 0/24          | 0/0           | 0/0       | 0/0       | 0/0   | 0/0   | ALU/XLXI_23/XLXI_49              |
| +++XLXI_32         |           | 2/2           | 0/0           | 3/3           | 0/0           | 0/0       | 0/0       | 0/0   | 0/0   | ALU/XLXI_23/XLXI_49/XLXI_32      |
| +++XLXI_43         |           | 2/2           | 0/0           | 3/3           | 0/0           | 0/0       | 0/0       | 0/0   | 0/0   | ALU/XLXI_23/XLXI_49/XLXI_43      |
| +++XLXI_45         |           | 2/2           | 0/0           | 3/3           | 0/0           | 0/0       | 0/0       | 0/0   | 0/0   | ALU/XLXI_23/XLXI_49/XLXI_45      |
| +++XLXI_47         |           | 2/2           | 0/0           | 3/3           | 0/0           | 0/0       | 0/0       | 0/0   | 0/0   | ALU/XLXI_23/XLXI_49/XLXI_47      |
| +++XLXI_49         |           | 2/2           | 0/0           | 3/3           | 0/0           | 0/0       | 0/0       | 0/0   | 0/0   | ALU/XLXI_23/XLXI_49/XLXI_49      |
| +++XLXI_51         |           | 2/2           | 0/0           | 3/3           | 0/0           | 0/0       | 0/0       | 0/0   | 0/0   | ALU/XLXI_23/XLXI_49/XLXI_51      |
| +++XLXI_53         |           | 2/2           | 0/0           | 3/3           | 0/0           | 0/0       | 0/0       | 0/0   | 0/0   | ALU/XLXI_23/XLXI_49/XLXI_53      |
| +++XLXI_55         |           | 2/2           | 0/0           | 3/3           | 0/0           | 0/0       | 0/0       | 0/0   | 0/0   | ALU/XLXI_23/XLXI_49/XLXI_55      |
| ++XLXI_57          |           | 0/16          | 0/0           | 0/24          | 0/0           | 0/0       | 0/0       | 0/0   | 0/0   | ALU/XLXI_23/XLXI_57              |
| +++XLXI_32         |           | 2/2           | 0/0           | 3/3           | 0/0           | 0/0       | 0/0       | 0/0   | 0/0   | ALU/XLXI_23/XLXI_57/XLXI_32      |
| +++XLXI_43         |           | 2/2           | 0/0           | 3/3           | 0/0           | 0/0       | 0/0       | 0/0   | 0/0   | ALU/XLXI_23/XLXI_57/XLXI_43      |
| +++XLXI_45         |           | 2/2           | 0/0           | 3/3           | 0/0           | 0/0       | 0/0       | 0/0   | 0/0   | ALU/XLXI_23/XLXI_57/XLXI_45      |
| +++XLXI_47         |           | 2/2           | 0/0           | 3/3           | 0/0           | 0/0       | 0/0       | 0/0   | 0/0   | ALU/XLXI_23/XLXI_57/XLXI_47      |
| +++XLXI_49         |           | 2/2           | 0/0           | 3/3           | 0/0           | 0/0       | 0/0       | 0/0   | 0/0   | ALU/XLXI_23/XLXI_57/XLXI_49      |
| +++XLXI_51         |           | 2/2           | 0/0           | 3/3           | 0/0           | 0/0       | 0/0       | 0/0   | 0/0   | ALU/XLXI_23/XLXI_57/XLXI_51      |
| +++XLXI_53         |           | 2/2           | 0/0           | 3/3           | 0/0           | 0/0       | 0/0       | 0/0   | 0/0   | ALU/XLXI_23/XLXI_57/XLXI_53      |
| +++XLXI_55         |           | 2/2           | 0/0           | 3/3           | 0/0           | 0/0       | 0/0       | 0/0   | 0/0   | ALU/XLXI_23/XLXI_57/XLXI_55      |
| +XLXI_3            |           | 32/32         | 0/0           | 32/32         | 0/0           | 0/0       | 0/0       | 0/0   | 0/0   | ALU/XLXI_3                       |
+---------------------------------------------------------------------------------------------------------------------------------------------------------------------------+

* Slices can be packed with basic elements from multiple hierarchies.
  Therefore, a slice will be counted in every hierarchical module
  that each of its packed basic elements belong to.
** For each column, there are two numbers reported <A>/<B>.
   <A> is the number of elements that belong to that specific hierarchical module.
   <B> is the total number of elements from that hierarchical module and any lower level
   hierarchical modules below.
*** The LUTRAM column counts all LUTs used as memory including RAM, ROM, and shift registers.
